debug2: load_server_config: filename /etc/ssh/sshd_config
debug2: load_server_config: done config len = 634
debug2: parse_server_config: config /etc/ssh/sshd_config len 634
debug3: /etc/ssh/sshd_config:21 setting Protocol 2
debug3: /etc/ssh/sshd_config:37 setting SyslogFacility local5
debug3: /etc/ssh/sshd_config:38 setting LogLevel INFO
debug3: /etc/ssh/sshd_config:67 setting PasswordAuthentication yes
debug3: /etc/ssh/sshd_config:70 setting ChallengeResponseAuthentication no
debug3: /etc/ssh/sshd_config:71 setting ChallengeResponseAuthentication no
debug3: /etc/ssh/sshd_config:82 setting GSSAPIAuthentication yes
debug3: /etc/ssh/sshd_config:84 setting GSSAPICleanupCredentials yes
debug3: /etc/ssh/sshd_config:98 setting UsePAM yes
debug3: /etc/ssh/sshd_config:101 setting AcceptEnv LANG LC_CTYPE LC_NUMERIC LC_TIME LC_COLLATE LC_MONETARY LC_MESSAGES
debug3: /etc/ssh/sshd_config:102 setting AcceptEnv LC_PAPER LC_NAME LC_ADDRESS LC_TELEPHONE LC_MEASUREMENT
debug3: /etc/ssh/sshd_config:103 setting AcceptEnv LC_IDENTIFICATION LC_ALL LANGUAGE
debug3: /etc/ssh/sshd_config:104 setting AcceptEnv XMODIFIERS
debug3: /etc/ssh/sshd_config:110 setting X11Forwarding yes
debug3: /etc/ssh/sshd_config:118 setting PermitUserEnvironment yes
debug3: /etc/ssh/sshd_config:133 setting Subsystem sftp /usr/libexec/openssh/sftp-server
debug1: sshd version OpenSSH_5.3p1
debug3: Not a RSA1 key file /etc/ssh/ssh_host_rsa_key.
debug1: read PEM private key done: type RSA
debug1: private host key: #0 type 1 RSA
debug3: Not a RSA1 key file /etc/ssh/ssh_host_dsa_key.
debug1: read PEM private key done: type DSA
debug1: private host key: #1 type 2 DSA
debug1: rexec_argv[0]='/usr/sbin/sshd'
debug1: rexec_argv[1]='-ddd'
debug1: rexec_argv[2]='-p1025'
debug2: fd 3 setting O_NONBLOCK
debug1: Bind to port 1025 on 0.0.0.0.
Server listening on 0.0.0.0 port 1025.
debug2: fd 4 setting O_NONBLOCK
debug1: Bind to port 1025 on ::.
Server listening on :: port 1025.









debug3: fd 5 is not O_NONBLOCK
debug1: Server will not fork when running in debugging mode.
debug3: send_rexec_state: entering fd = 8 config len 634
debug3: ssh_msg_send: type 0
debug3: send_rexec_state: done
debug1: rexec start in 5 out 5 newsock 5 pipe -1 sock 8
debug1: inetd sockets after dupping: 3, 3
Connection from 192.168.0.125 port 54492
debug1: Client protocol version 2.0; client software version JSCH-0.1.46
debug1: no match: JSCH-0.1.46
debug1: Enabling compatibility mode for protocol 2.0
debug1: Local version string SSH-2.0-OpenSSH_5.3
debug2: fd 3 setting O_NONBLOCK
debug2: Network child is on pid 12306
debug3: preauth child monitor started
debug3: mm_request_receive entering
debug3: privsep user:group 74:74
debug1: permanently_set_uid: 74/74
debug1: list_hostkey_types: ssh-rsa,ssh-dss
debug1: SSH2_MSG_KEXINIT sent
debug3: Wrote 784 bytes for a total of 805
debug1: SSH2_MSG_KEXINIT received
debug2: kex_parse_kexinit: diffie-hellman-group-exchange-sha256,diffie-hellman-group-exchange-sha1,diffie-hellman-group14-sha1,diffie-hellman-group1-sha1
debug2: kex_parse_kexinit: ssh-rsa,ssh-dss
debug2: kex_parse_kexinit: aes128-ctr,aes192-ctr,aes256-ctr,arcfour256,arcfour128,aes128-cbc,3des-cbc,blowfish-cbc,cast128-cbc,aes192-cbc,aes256-cbc,arcfour,rijndael-cbc@lysator.liu.se
debug2: kex_parse_kexinit: aes128-ctr,aes192-ctr,aes256-ctr,arcfour256,arcfour128,aes128-cbc,3des-cbc,blowfish-cbc,cast128-cbc,aes192-cbc,aes256-cbc,arcfour,rijndael-cbc@lysator.liu.se
debug2: kex_parse_kexinit: hmac-md5,hmac-sha1,umac-64@openssh.com,hmac-ripemd160,hmac-ripemd160@openssh.com,hmac-sha1-96,hmac-md5-96
debug2: kex_parse_kexinit: hmac-md5,hmac-sha1,umac-64@openssh.com,hmac-ripemd160,hmac-ripemd160@openssh.com,hmac-sha1-96,hmac-md5-96
debug2: kex_parse_kexinit: none,zlib@openssh.com
debug2: kex_parse_kexinit: none,zlib@openssh.com
debug2: kex_parse_kexinit:
debug2: kex_parse_kexinit:
debug2: kex_parse_kexinit: first_kex_follows 0
debug2: kex_parse_kexinit: reserved 0
debug2: kex_parse_kexinit: diffie-hellman-group1-sha1,diffie-hellman-group-exchange-sha1
debug2: kex_parse_kexinit: ssh-rsa,ssh-dss
debug2: kex_parse_kexinit: aes128-ctr,aes128-cbc,3des-ctr,3des-cbc,blowfish-cbc
debug2: kex_parse_kexinit: aes128-ctr,aes128-cbc,3des-ctr,3des-cbc,blowfish-cbc
debug2: kex_parse_kexinit: hmac-md5,hmac-sha1,hmac-sha1-96,hmac-md5-96
debug2: kex_parse_kexinit: hmac-md5,hmac-sha1,hmac-sha1-96,hmac-md5-96
debug2: kex_parse_kexinit: none
debug2: kex_parse_kexinit: none
debug2: kex_parse_kexinit:
debug2: kex_parse_kexinit:
debug2: kex_parse_kexinit: first_kex_follows 0
debug2: kex_parse_kexinit: reserved 0
debug2: mac_setup: found hmac-md5
debug1: kex: client->server aes128-ctr hmac-md5 none
debug3: mm_request_send entering: type 78
debug3: mm_request_receive_expect entering: type 79
debug3: mm_request_receive entering
debug3: monitor_read: checking request 78
debug3: mm_request_send entering: type 79
debug3: mm_request_receive entering
debug2: mac_setup: found hmac-md5
debug1: kex: server->client aes128-ctr hmac-md5 none
debug3: mm_request_send entering: type 78
debug3: mm_request_receive_expect entering: type 79
debug3: monitor_read: checking request 78
debug3: mm_request_receive entering
debug3: mm_request_send entering: type 79
debug3: mm_request_receive entering
debug2: dh_gen_key: priv key bits set: 129/256
debug2: bits set: 498/1024
debug1: expecting SSH2_MSG_KEXDH_INIT
debug2: bits set: 523/1024
debug3: mm_key_sign entering
debug3: mm_request_send entering: type 5
debug3: mm_key_sign: waiting for MONITOR_ANS_SIGN
debug3: monitor_read: checking request 5
debug3: mm_request_receive_expect entering: type 6
debug3: mm_answer_sign
debug3: mm_request_receive entering
debug3: mm_answer_sign: signature 0x7f2294112670(271)
debug3: mm_request_send entering: type 6
debug2: monitor_read: 5 used once, disabling now
debug2: kex_derive_keys
debug3: mm_request_receive entering
debug2: set_newkeys: mode 1
debug1: SSH2_MSG_NEWKEYS sent
debug1: expecting SSH2_MSG_NEWKEYS
debug3: Wrote 720 bytes for a total of 1525
debug2: set_newkeys: mode 0
debug1: SSH2_MSG_NEWKEYS received
debug1: KEX done
debug3: Wrote 48 bytes for a total of 1573
debug1: userauth-request for user root service ssh-connection method none
debug1: attempt 0 failures 0
debug3: mm_getpwnamallow entering
debug3: mm_request_send entering: type 7
debug3: mm_getpwnamallow: waiting for MONITOR_ANS_PWNAM
debug3: monitor_read: checking request 7
debug3: mm_request_receive_expect entering: type 8
debug3: mm_answer_pwnamallow
debug3: mm_request_receive entering
debug3: Trying to reverse map address 192.168.0.125.
debug2: parse_server_config: config reprocess config len 634
debug3: mm_answer_pwnamallow: sending MONITOR_ANS_PWNAM: 1
debug3: mm_request_send entering: type 8
debug2: monitor_read: 7 used once, disabling now
debug3: mm_request_receive entering
debug2: input_userauth_request: setting up authctxt for root
debug3: mm_start_pam entering
debug3: mm_request_send entering: type 50
debug3: mm_inform_authserv entering
debug3: mm_request_send entering: type 3
debug3: mm_inform_authrole entering
debug3: monitor_read: checking request 50
debug3: mm_request_send entering: type 4
debug1: PAM: initializing for "root"
debug2: input_userauth_request: try method none
debug3: Wrote 80 bytes for a total of 1653
debug1: userauth-request for user root service ssh-connection method publickey
debug1: attempt 1 failures 0
debug2: input_userauth_request: try method publickey
debug1: test whether pkalg/pkblob are acceptable
debug3: mm_key_allowed entering
debug3: mm_request_send entering: type 21
debug3: mm_key_allowed: waiting for MONITOR_ANS_KEYALLOWED
debug3: mm_request_receive_expect entering: type 22
debug3: mm_request_receive entering
debug1: PAM: setting PAM_RHOST to "192.168.0.125"
debug1: PAM: setting PAM_TTY to "ssh"
debug2: monitor_read: 50 used once, disabling now
debug3: mm_request_receive entering
debug3: monitor_read: checking request 3
debug3: mm_answer_authserv: service=ssh-connection, style=
debug2: monitor_read: 3 used once, disabling now
debug3: mm_request_receive entering
debug3: monitor_read: checking request 4
debug3: mm_answer_authrole: role=
debug2: monitor_read: 4 used once, disabling now
debug3: mm_request_receive entering
debug3: monitor_read: checking request 21
debug3: mm_answer_keyallowed entering
debug3: mm_answer_keyallowed: key_from_blob: 0x7f229411aae0
debug1: temporarily_use_uid: 0/0 (e=0/0)
debug1: trying public key file /root/.ssh/authorized_keys
debug1: fd 4 clearing O_NONBLOCK
debug3: secure_filename: checking '/root/.ssh'
debug3: secure_filename: checking '/root'
debug3: secure_filename: terminating check at '/root'
debug1: matching key found: file /root/.ssh/authorized_keys, line 2
Found matching RSA key: d4:13:ff:eb:0a:70:5e:65:85:cb:8e:4d:00:cd:65:35
debug1: restore_uid: 0/0
debug3: mm_answer_keyallowed: key 0x7f229411aae0 is allowed
debug3: mm_request_send entering: type 22
debug3: mm_request_receive entering
debug3: Wrote 320 bytes for a total of 1973
debug2: userauth_pubkey: authenticated 0 pkalg ssh-rsa
Postponed publickey for root from 192.168.0.125 port 54492 ssh2
debug1: userauth-request for user root service ssh-connection method publickey
debug1: attempt 2 failures 0
debug2: input_userauth_request: try method publickey
debug3: mm_key_allowed entering
debug3: mm_request_send entering: type 21
debug3: mm_key_allowed: waiting for MONITOR_ANS_KEYALLOWED
debug3: monitor_read: checking request 21
debug3: mm_request_receive_expect entering: type 22
debug3: mm_answer_keyallowed entering
debug3: mm_request_receive entering
debug3: mm_answer_keyallowed: key_from_blob: 0x7f229411c530
debug1: temporarily_use_uid: 0/0 (e=0/0)
debug1: trying public key file /root/.ssh/authorized_keys
debug1: fd 4 clearing O_NONBLOCK
debug3: secure_filename: checking '/root/.ssh'
debug3: secure_filename: checking '/root'
debug3: secure_filename: terminating check at '/root'
debug1: matching key found: file /root/.ssh/authorized_keys, line 2
Found matching RSA key: d4:13:ff:eb:0a:70:5e:65:85:cb:8e:4d:00:cd:65:35
debug1: restore_uid: 0/0
debug3: mm_answer_keyallowed: key 0x7f229411c530 is allowed
debug3: mm_request_send entering: type 22
debug3: mm_request_receive entering
debug3: mm_key_verify entering
debug3: mm_request_send entering: type 23
debug3: mm_key_verify: waiting for MONITOR_ANS_KEYVERIFY
debug3: mm_request_receive_expect entering: type 24
debug3: monitor_read: checking request 23
debug3: mm_request_receive entering
debug1: ssh_rsa_verify: signature correct
debug3: mm_answer_keyverify: key 0x7f2294119e70 signature verified
debug3: mm_request_send entering: type 24
debug3: mm_request_receive_expect entering: type 51
debug2: userauth_pubkey: authenticated 1 pkalg ssh-rsa
debug3: mm_request_receive entering
debug3: mm_do_pam_account entering
debug3: mm_request_send entering: type 51
debug3: mm_request_receive_expect entering: type 52
debug3: mm_request_receive entering
debug1: do_pam_account: called
debug3: PAM: do_pam_account pam_acct_mgmt = 0 (Success)
debug3: mm_request_send entering: type 52
Accepted publickey for root from 192.168.0.125 port 54492 ssh2
debug3: mm_do_pam_account returning 1
debug1: monitor_child_preauth: root has been authenticated by privileged process
debug3: mm_get_keystate: Waiting for new keys
debug3: mm_request_receive_expect entering: type 25
debug3: Wrote 32 bytes for a total of 2005
debug3: mm_request_receive entering
debug3: mm_send_keystate: Sending new keys: 0x7f2294107c90 0x7f22941079e0
debug3: mm_newkeys_to_blob: converting 0x7f2294107c90
debug3: mm_newkeys_to_blob: converting 0x7f22941079e0
debug3: mm_send_keystate: New keys have been sent
debug3: mm_send_keystate: Sending compression state
debug3: mm_request_send entering: type 25
debug3: mm_send_keystate: Finished sending state
debug3: mm_newkeys_from_blob: 0x7f229411b320(122)
debug3: mm_request_send entering: type 80
debug2: mac_setup: found hmac-md5
debug3: mm_get_keystate: Waiting for second key
debug3: mm_newkeys_from_blob: 0x7f229411b320(122)
debug3: mm_request_receive_expect entering: type 81
debug2: mac_setup: found hmac-md5
debug3: mm_request_receive entering
debug3: mm_get_keystate: Getting compression state
debug3: mm_get_keystate: Getting Network I/O buffers
debug3: mm_request_receive_expect entering: type 80
debug3: mm_request_receive entering
debug3: mm_request_send entering: type 81
debug3: mm_share_sync: Share sync
debug3: mm_share_sync: Share sync end
debug1: temporarily_use_uid: 0/0 (e=0/0)
debug1: ssh_gssapi_storecreds: Not a GSSAPI mechanism
debug1: restore_uid: 0/0
debug1: SELinux support disabled
debug1: PAM: establishing credentials
debug3: PAM: opening session
debug2: set_newkeys: mode 0
debug2: set_newkeys: mode 1
debug1: Entering interactive session for SSH2.
debug2: fd 5 setting O_NONBLOCK
debug2: fd 6 setting O_NONBLOCK
debug1: server_init_dispatch_20
debug1: server_input_channel_open: ctype session rchan 16 win 1048576 max 16384
debug1: input_session_request
debug1: channel 0: new [server-session]
debug2: session_new: allocate (allocated 0 max 10)
debug3: session_unused: session id 0 unused
debug1: session_new: session 0
debug1: session_open: channel 0
debug1: session_open: session 0: link with channel 0
debug1: server_input_channel_open: confirm session
debug3: Wrote 48 bytes for a total of 2053
debug1: server_input_channel_req: channel 0 request pty-req reply 0
debug1: session_by_channel: session 0 channel 0
debug1: session_input_channel_req: session 0 req pty-req
debug1: Allocating pty.
debug1: session_pty_req: session 0 alloc /dev/pts/3
debug1: server_input_channel_req: channel 0 request exec reply 0
debug1: session_by_channel: session 0 channel 0
debug1: session_input_channel_req: session 0 req exec
debug2: fd 3 setting TCP_NODELAY
debug2: channel 0: rfd 9 isatty
debug2: fd 9 setting O_NONBLOCK
debug3: fd 7 is O_NONBLOCK
debug3: Wrote 48 bytes for a total of 2101
debug1: Setting controlling tty using TIOCSCTTY.
debug1: server_input_channel_open: ctype session rchan 17 win 2097152 max 32768
debug1: input_session_request
debug1: channel 1: new [server-session]
debug2: session_new: allocate (allocated 1 max 10)
debug3: session_unused: session id 1 unused
debug1: session_new: session 1
debug1: session_open: channel 1
debug1: session_open: session 1: link with channel 1
debug1: server_input_channel_open: confirm session
debug3: Wrote 48 bytes for a total of 2149
debug3: Wrote 96 bytes for a total of 2245
debug1: server_input_channel_req: channel 1 request subsystem reply 1
debug1: session_by_channel: session 1 channel 1
debug1: session_input_channel_req: session 1 req subsystem
subsystem request for sftp
debug1: subsystem: exec() /usr/libexec/openssh/sftp-server
debug2: fd 12 setting O_NONBLOCK
debug2: fd 11 setting O_NONBLOCK
debug2: fd 14 setting O_NONBLOCK
debug3: Wrote 80 bytes for a total of 2325
debug3: Wrote 80 bytes for a total of 2405
debug2: channel 1: read 41 from efd 14
debug3: channel 1: discard efd
debug3: Wrote 432 bytes for a total of 2837
debug2: channel 1: read 34 from efd 14
debug3: channel 1: discard efd
debug2: channel 1: read 53 from efd 14
debug3: channel 1: discard efd
debug2: channel 1: read 200 from efd 14
debug3: channel 1: discard efd
debug2: channel 1: read 98 from efd 14
debug3: channel 1: discard efd
debug3: Wrote 48 bytes for a total of 2885
debug3: Wrote 48 bytes for a total of 2933
debug3: Wrote 144 bytes for a total of 3077
debug3: Wrote 48 bytes for a total of 3125
debug3: Wrote 48 bytes for a total of 3173
debug3: Wrote 48 bytes for a total of 3221
debug1: server_input_channel_open: ctype session rchan 18 win 2097152 max 32768
debug1: input_session_request
debug1: channel 2: new [server-session]
debug2: session_new: allocate (allocated 2 max 10)
debug3: session_unused: session id 2 unused
debug1: session_new: session 2
debug1: session_open: channel 2
debug1: session_open: session 2: link with channel 2
debug1: server_input_channel_open: confirm session
debug3: Wrote 96 bytes for a total of 3317
debug3: Wrote 48 bytes for a total of 3365
debug3: Wrote 48 bytes for a total of 3413
debug3: Wrote 48 bytes for a total of 3461
debug3: Wrote 48 bytes for a total of 3509
debug3: Wrote 48 bytes for a total of 3557
debug1: server_input_channel_req: channel 2 request subsystem reply 1
debug1: session_by_channel: session 2 channel 2
debug1: session_input_channel_req: session 2 req subsystem
subsystem request for sftp
debug1: subsystem: exec() /usr/libexec/openssh/sftp-server
debug2: fd 15 setting O_NONBLOCK
debug2: fd 13 setting O_NONBLOCK
debug2: fd 17 setting O_NONBLOCK
debug3: Wrote 128 bytes for a total of 3685
debug3: Wrote 64 bytes for a total of 3749
debug2: channel 2: read 41 from efd 17
debug3: channel 2: discard efd
debug2: channel 2: read 34 from efd 17
debug3: channel 2: discard efd
debug2: channel 2: read 53 from efd 17
debug3: channel 2: discard efd
debug2: channel 2: read 298 from efd 17
debug3: channel 2: discard efd
debug2: channel 2: read 50 from efd 17
debug3: channel 2: discard efd
debug3: Wrote 64 bytes for a total of 3813
debug3: Wrote 144 bytes for a total of 3957
debug1: server_input_channel_open: ctype session rchan 19 win 2097152 max 32768
debug1: input_session_request
debug1: channel 3: new [server-session]
debug2: session_new: allocate (allocated 3 max 10)
debug3: session_unused: session id 3 unused
debug1: session_new: session 3
debug1: session_open: channel 3
debug1: session_open: session 3: link with channel 3
debug1: server_input_channel_open: confirm session
debug3: Wrote 48 bytes for a total of 4005
debug1: server_input_channel_req: channel 3 request subsystem reply 1
debug1: session_by_channel: session 3 channel 3
debug1: session_input_channel_req: session 3 req subsystem
subsystem request for sftp
debug1: subsystem: exec() /usr/libexec/openssh/sftp-server
debug2: fd 18 setting O_NONBLOCK
debug2: fd 16 setting O_NONBLOCK
debug2: fd 20 setting O_NONBLOCK
debug3: Wrote 80 bytes for a total of 4085
debug2: channel 3: read 41 from efd 20
debug3: channel 3: discard efd
debug2: channel 3: read 34 from efd 20
debug3: channel 3: discard efd
debug2: channel 3: read 53 from efd 20
debug3: channel 3: discard efd
debug2: channel 3: read 200 from efd 20
debug3: channel 3: discard efd
debug2: channel 3: read 98 from efd 20
debug3: channel 3: discard efd
debug2: channel 3: read 100 from efd 20
debug3: channel 3: discard efd
debug3: Wrote 144 bytes for a total of 4229


























debug3: Wrote 80 bytes for a total of 4309
debug1: server_input_global_request: rtype tcpip-forward want_reply 1
debug1: server_input_global_request: tcpip-forward listen localhost port 54498
debug3: channel_setup_fwd_listener: type 11 wildcard 0 addr NULL
debug1: Local forwarding listening on ::1 port 54498.
debug2: fd 8 setting O_NONBLOCK
debug3: fd 8 is O_NONBLOCK
debug1: channel 4: new [port listener]
debug1: Local forwarding listening on 127.0.0.1 port 54498.
debug2: fd 19 setting O_NONBLOCK
debug3: fd 19 is O_NONBLOCK
debug1: channel 5: new [port listener]
debug3: Wrote 32 bytes for a total of 4341
debug3: Wrote 80 bytes for a total of 4421
debug1: server_input_channel_open: ctype session rchan 20 win 1048576 max 16384
debug1: input_session_request
debug1: channel 6: new [server-session]
debug2: session_new: allocate (allocated 4 max 10)
debug3: session_unused: session id 4 unused
debug1: session_new: session 4
debug1: session_open: channel 6
debug1: session_open: session 4: link with channel 6
debug1: server_input_channel_open: confirm session
debug3: Wrote 48 bytes for a total of 4469
debug1: server_input_channel_req: channel 6 request exec reply 0
debug1: session_by_channel: session 4 channel 6
debug1: session_input_channel_req: session 4 req exec
debug2: fd 23 setting O_NONBLOCK
debug2: fd 22 setting O_NONBLOCK
debug2: fd 25 setting O_NONBLOCK
debug3: Wrote 48 bytes for a total of 4517
debug2: channel 6: read 41 from efd 25
debug2: channel 6: rwin 1048576 elen 41 euse 1
debug2: channel 6: sent ext data 41
debug3: Wrote 80 bytes for a total of 4597
debug2: channel 6: read 34 from efd 25
debug2: channel 6: rwin 1048535 elen 34 euse 1
debug2: channel 6: sent ext data 34
debug3: Wrote 80 bytes for a total of 4677
debug2: channel 6: read 25 from efd 25
debug2: channel 6: rwin 1048501 elen 25 euse 1
debug2: channel 6: sent ext data 25
debug2: channel 6: read 228 from efd 25
debug3: Wrote 64 bytes for a total of 4741
debug2: channel 6: rwin 1048476 elen 228 euse 1
debug2: channel 6: sent ext data 228
debug2: channel 6: read 148 from efd 25
debug3: Wrote 272 bytes for a total of 5013
debug2: channel 6: rwin 1048248 elen 148 euse 1
debug2: channel 6: sent ext data 148
debug2: channel 6: read 198 from efd 25
debug3: Wrote 192 bytes for a total of 5205
debug2: channel 6: rwin 1048100 elen 198 euse 1
debug2: channel 6: sent ext data 198
debug3: Wrote 240 bytes for a total of 5445
debug2: notify_done: reading
debug1: Received SIGCHLD.
debug1: session_by_pid: pid 12611
debug1: session_exit_message: session 4 channel 6 pid 12611
debug2: channel 6: request exit-status confirm 0
debug1: session_exit_message: release channel 6
debug2: channel 6: write failed
debug2: channel 6: close_write
debug2: channel 6: send eow
debug2: channel 6: output open -> closed
debug2: channel 6: read<=0 rfd 23 len 0
debug2: channel 6: read failed
debug2: channel 6: close_read
debug2: channel 6: input open -> drain
debug2: channel 6: read 0 from efd 25
debug2: channel 6: closing read-efd 25
debug3: Wrote 176 bytes for a total of 5621
debug2: channel 6: ibuf empty
debug2: channel 6: send eof
debug2: channel 6: input drain -> closed
debug2: channel 6: send close
debug3: Wrote 64 bytes for a total of 5685
debug3: channel 6: will not send data after close
debug2: channel 6: rcvd close
debug3: channel 6: will not send data after close
debug2: channel 6: is dead
debug2: channel 6: gc: notify user
debug1: session_by_channel: session 4 channel 6
debug1: session_close_by_channel: channel 6 child 0
debug1: session_close: session 4 pid 0
debug3: session_unused: session id 4 unused
debug2: channel 6: gc: user detached
debug2: channel 6: is dead
debug2: channel 6: garbage collecting
debug1: channel 6: free: server-session, nchannels 7
debug3: channel 6: status: The following connections are open:
  #0 server-session (t4 r16 i0/0 o0/0 fd 9/7 cfd -1)
  #1 server-session (t4 r17 i0/0 o0/0 fd 12/11 cfd -1)
  #2 server-session (t4 r18 i0/0 o0/0 fd 15/13 cfd -1)
  #3 server-session (t4 r19 i0/0 o0/0 fd 18/16 cfd -1)
  #6 server-session (t4 r20 i3/0 o3/0 fd -1/-1 cfd -1)

debug3: channel 6: close_fds r -1 w -1 e -1 c -1
debug1: server_input_channel_open: ctype session rchan 21 win 1048576 max 16384
debug1: input_session_request
debug1: channel 6: new [server-session]
debug1: session_new: session 4
debug1: session_open: channel 6
debug1: session_open: session 4: link with channel 6
debug1: server_input_channel_open: confirm session
debug3: Wrote 48 bytes for a total of 5733
debug1: server_input_channel_req: channel 6 request exec reply 0
debug1: session_by_channel: session 4 channel 6
debug1: session_input_channel_req: session 4 req exec
debug2: fd 23 setting O_NONBLOCK
debug2: fd 22 setting O_NONBLOCK
debug2: fd 25 setting O_NONBLOCK
debug3: Wrote 48 bytes for a total of 5781
debug2: channel 6: read 41 from efd 25
debug2: channel 6: rwin 1048576 elen 41 euse 1
debug2: channel 6: sent ext data 41
debug3: Wrote 80 bytes for a total of 5861
debug2: channel 6: read 34 from efd 25
debug2: channel 6: rwin 1048535 elen 34 euse 1
debug2: channel 6: sent ext data 34
debug3: Wrote 80 bytes for a total of 5941
debug2: channel 6: read 121 from efd 25
debug2: channel 6: rwin 1048501 elen 121 euse 1
debug2: channel 6: sent ext data 121
debug2: channel 6: read 180 from efd 25
debug3: Wrote 160 bytes for a total of 6101
debug2: channel 6: rwin 1048380 elen 180 euse 1
debug2: channel 6: sent ext data 180
debug2: channel 6: read 150 from efd 25
debug3: Wrote 224 bytes for a total of 6325
debug2: channel 6: rwin 1048200 elen 150 euse 1
debug2: channel 6: sent ext data 150
debug2: channel 6: read 148 from efd 25
debug3: Wrote 192 bytes for a total of 6517
debug2: channel 6: rwin 1048050 elen 148 euse 1
debug2: channel 6: sent ext data 148
debug3: Wrote 192 bytes for a total of 6709
debug3: Wrote 64 bytes for a total of 6773
debug3: Wrote 128 bytes for a total of 6901
debug3: Wrote 128 bytes for a total of 7029
debug3: Wrote 160 bytes for a total of 7189
debug3: Wrote 256 bytes for a total of 7445
debug3: Wrote 240 bytes for a total of 7685
debug3: Wrote 192 bytes for a total of 7877
debug3: Wrote 192 bytes for a total of 8069
debug3: Wrote 192 bytes for a total of 8261
debug3: Wrote 160 bytes for a total of 8421
debug3: Wrote 160 bytes for a total of 8581
debug3: Wrote 176 bytes for a total of 8757
debug3: Wrote 192 bytes for a total of 8949
debug3: Wrote 240 bytes for a total of 9189
debug3: Wrote 176 bytes for a total of 9365
debug3: Wrote 192 bytes for a total of 9557
debug3: Wrote 144 bytes for a total of 9701
debug3: Wrote 160 bytes for a total of 9861
debug3: Wrote 144 bytes for a total of 10005
debug3: Wrote 176 bytes for a total of 10181
debug3: Wrote 176 bytes for a total of 10357
debug3: Wrote 144 bytes for a total of 10501
debug3: Wrote 160 bytes for a total of 10661
debug3: Wrote 160 bytes for a total of 10821
debug3: Wrote 176 bytes for a total of 10997
debug3: Wrote 160 bytes for a total of 11157
debug3: Wrote 128 bytes for a total of 11285
debug3: Wrote 176 bytes for a total of 11461
debug3: Wrote 160 bytes for a total of 11621
debug3: Wrote 160 bytes for a total of 11781
debug3: Wrote 176 bytes for a total of 11957
debug3: Wrote 176 bytes for a total of 12133
debug3: Wrote 128 bytes for a total of 12261
debug3: Wrote 176 bytes for a total of 12437
debug3: Wrote 160 bytes for a total of 12597
debug3: Wrote 144 bytes for a total of 12741
debug3: Wrote 192 bytes for a total of 12933
debug3: Wrote 144 bytes for a total of 13077
debug3: Wrote 208 bytes for a total of 13285
debug3: Wrote 192 bytes for a total of 13477
debug3: Wrote 192 bytes for a total of 13669
debug3: Wrote 128 bytes for a total of 13797
debug3: Wrote 192 bytes for a total of 13989
debug3: Wrote 192 bytes for a total of 14181
debug3: Wrote 176 bytes for a total of 14357
debug3: Wrote 176 bytes for a total of 14533
debug3: Wrote 144 bytes for a total of 14677
debug3: Wrote 176 bytes for a total of 14853
debug3: Wrote 128 bytes for a total of 14981
debug3: Wrote 192 bytes for a total of 15173
debug3: Wrote 176 bytes for a total of 15349
debug3: Wrote 144 bytes for a total of 15493
debug3: Wrote 176 bytes for a total of 15669
debug3: Wrote 144 bytes for a total of 15813
debug3: Wrote 160 bytes for a total of 15973
debug3: Wrote 224 bytes for a total of 16197
debug3: Wrote 192 bytes for a total of 16389
debug3: Wrote 176 bytes for a total of 16565
debug3: Wrote 176 bytes for a total of 16741
debug3: Wrote 176 bytes for a total of 16917
debug3: Wrote 112 bytes for a total of 17029
debug3: Wrote 128 bytes for a total of 17157
debug3: Wrote 240 bytes for a total of 17397
debug3: Wrote 224 bytes for a total of 17621
debug3: Wrote 176 bytes for a total of 17797
debug3: Wrote 208 bytes for a total of 18005
debug3: Wrote 176 bytes for a total of 18181
debug3: Wrote 144 bytes for a total of 18325
debug1: Received SIGCHLD.
debug1: session_by_pid: pid 12759
debug1: session_exit_message: session 4 channel 6 pid 12759
debug2: channel 6: request exit-status confirm 0
debug1: session_exit_message: release channel 6
debug2: channel 6: write failed
debug2: channel 6: close_write
debug2: channel 6: send eow
debug2: channel 6: output open -> closed
debug2: channel 6: read<=0 rfd 23 len 0
debug2: channel 6: read failed
debug2: channel 6: close_read
debug2: channel 6: input open -> drain
debug2: channel 6: read 0 from efd 25
debug2: channel 6: closing read-efd 25
debug2: notify_done: reading
debug3: Wrote 16768 bytes for a total of 35093
debug3: Wrote 16432 bytes for a total of 51525
debug3: Wrote 16432 bytes for a total of 67957
debug3: Wrote 16432 bytes for a total of 84389
debug3: Wrote 16432 bytes for a total of 100821
debug3: Wrote 16432 bytes for a total of 117253
debug3: Wrote 16432 bytes for a total of 133685
debug3: Wrote 13952 bytes for a total of 147637
debug2: channel 6: ibuf empty
debug2: channel 6: send eof
debug2: channel 6: input drain -> closed
debug2: channel 6: send close
debug3: Wrote 64 bytes for a total of 147701
debug3: channel 6: will not send data after close
debug2: channel 6: rcvd close
debug3: channel 6: will not send data after close
debug2: channel 6: is dead
debug2: channel 6: gc: notify user
debug1: session_by_channel: session 4 channel 6
debug1: session_close_by_channel: channel 6 child 0
debug1: session_close: session 4 pid 0
debug3: session_unused: session id 4 unused
debug2: channel 6: gc: user detached
debug2: channel 6: is dead
debug2: channel 6: garbage collecting
debug1: channel 6: free: server-session, nchannels 7
debug3: channel 6: status: The following connections are open:
  #0 server-session (t4 r16 i0/0 o0/0 fd 9/7 cfd -1)
  #1 server-session (t4 r17 i0/0 o0/0 fd 12/11 cfd -1)
  #2 server-session (t4 r18 i0/0 o0/0 fd 15/13 cfd -1)
  #3 server-session (t4 r19 i0/0 o0/0 fd 18/16 cfd -1)
  #6 server-session (t4 r21 i3/0 o3/0 fd -1/-1 cfd -1)

debug3: channel 6: close_fds r -1 w -1 e -1 c -1
debug3: Wrote 80 bytes for a total of 147781
debug3: Wrote 80 bytes for a total of 147861
debug1: server_input_channel_open: ctype session rchan 22 win 1048576 max 16384
debug1: input_session_request
debug1: channel 6: new [server-session]
debug1: session_new: session 4
debug1: session_open: channel 6
debug1: session_open: session 4: link with channel 6
debug1: server_input_channel_open: confirm session
debug3: Wrote 48 bytes for a total of 147909
debug1: server_input_channel_req: channel 6 request exec reply 0
debug1: session_by_channel: session 4 channel 6
debug1: session_input_channel_req: session 4 req exec
debug2: fd 23 setting O_NONBLOCK
debug2: fd 22 setting O_NONBLOCK
debug2: fd 25 setting O_NONBLOCK
debug3: Wrote 48 bytes for a total of 147957
debug1: server_input_channel_open: ctype session rchan 23 win 1048576 max 16384
debug1: input_session_request
debug1: channel 7: new [server-session]
debug2: session_new: allocate (allocated 5 max 10)
debug3: session_unused: session id 5 unused
debug1: session_new: session 5
debug1: session_open: channel 7
debug1: session_open: session 5: link with channel 7
debug1: server_input_channel_open: confirm session
debug3: Wrote 48 bytes for a total of 148005
debug1: server_input_channel_req: channel 7 request exec reply 0
debug1: session_by_channel: session 5 channel 7
debug1: session_input_channel_req: session 5 req exec
debug2: fd 26 setting O_NONBLOCK
debug2: fd 24 setting O_NONBLOCK
debug2: fd 28 setting O_NONBLOCK
debug2: channel 6: read 75 from efd 25
debug3: Wrote 48 bytes for a total of 148053
debug2: channel 6: rwin 1048576 elen 75 euse 1
debug2: channel 6: sent ext data 75
debug2: channel 6: read 143 from efd 25
debug3: Wrote 128 bytes for a total of 148181
debug2: channel 6: rwin 1048501 elen 143 euse 1
debug2: channel 6: sent ext data 143
debug2: channel 6: read 258 from efd 25
debug3: Wrote 192 bytes for a total of 148373
debug2: channel 6: rwin 1048358 elen 258 euse 1
debug2: channel 6: sent ext data 258
debug2: channel 6: read 148 from efd 25
debug3: Wrote 304 bytes for a total of 148677
debug2: channel 6: rwin 1048100 elen 148 euse 1
debug2: channel 6: sent ext data 148
debug2: channel 6: read 50 from efd 25
debug2: channel 7: read 41 from efd 28
debug3: Wrote 192 bytes for a total of 148869
debug2: channel 6: rwin 1047952 elen 50 euse 1
debug2: channel 6: sent ext data 50
debug2: channel 7: rwin 1048576 elen 41 euse 1
debug2: channel 7: sent ext data 41
debug3: Wrote 176 bytes for a total of 149045
debug2: channel 7: read 34 from efd 28
debug2: channel 7: rwin 1048535 elen 34 euse 1
debug2: channel 7: sent ext data 34
debug3: Wrote 80 bytes for a total of 149125
debug2: channel 7: read 161 from efd 28
debug2: channel 7: rwin 1048501 elen 161 euse 1
debug2: channel 7: sent ext data 161
debug2: channel 7: read 190 from efd 28
debug3: Wrote 208 bytes for a total of 149333
debug2: channel 7: rwin 1048340 elen 190 euse 1
debug2: channel 7: sent ext data 190
debug2: channel 7: read 148 from efd 28
debug3: Wrote 240 bytes for a total of 149573
debug2: channel 7: rwin 1048150 elen 148 euse 1
debug2: channel 7: sent ext data 148
debug2: channel 7: read 150 from efd 28
debug3: Wrote 192 bytes for a total of 149765
debug2: channel 7: rwin 1048002 elen 150 euse 1
debug2: channel 7: sent ext data 150
debug3: Wrote 192 bytes for a total of 149957
debug3: Wrote 64 bytes for a total of 150021
debug3: Wrote 64 bytes for a total of 150085
debug3: Wrote 64 bytes for a total of 150149
debug3: Wrote 64 bytes for a total of 150213
debug3: Wrote 128 bytes for a total of 150341
debug3: Wrote 176 bytes for a total of 150517
debug3: Wrote 240 bytes for a total of 150757
debug3: Wrote 176 bytes for a total of 150933
debug1: Connection to port 54498 forwarding to localhost port 0 requested.
debug2: fd 21 setting TCP_NODELAY
debug2: fd 21 setting O_NONBLOCK
debug3: fd 21 is O_NONBLOCK
debug1: channel 8: new [forwarded-tcpip]
debug3: Wrote 224 bytes for a total of 151157
debug3: Wrote 128 bytes for a total of 151285
debug2: channel 8: open confirm rwindow 131072 rmax 16384
debug3: Wrote 160 bytes for a total of 151445
debug3: Wrote 208 bytes for a total of 151653
debug3: Wrote 160 bytes for a total of 151813
debug3: Wrote 64 bytes for a total of 151877
debug3: Wrote 80 bytes for a total of 151957
debug3: Wrote 160 bytes for a total of 152117
debug3: Wrote 448 bytes for a total of 152565
debug3: Wrote 256 bytes for a total of 152821
debug3: Wrote 96 bytes for a total of 152917
debug3: Wrote 256 bytes for a total of 153173
debug3: Wrote 256 bytes for a total of 153429
debug3: Wrote 208 bytes for a total of 153637
debug3: Wrote 64 bytes for a total of 153701
debug3: Wrote 224 bytes for a total of 153925
debug3: Wrote 192 bytes for a total of 154117
debug3: Wrote 128 bytes for a total of 154245
debug3: Wrote 112 bytes for a total of 154357
debug3: Wrote 208 bytes for a total of 154565
debug3: Wrote 208 bytes for a total of 154773
debug3: Wrote 144 bytes for a total of 154917
debug3: Wrote 64 bytes for a total of 154981
debug3: Wrote 80 bytes for a total of 155061
debug3: Wrote 336 bytes for a total of 155397
debug3: Wrote 176 bytes for a total of 155573
debug3: Wrote 256 bytes for a total of 155829
debug3: Wrote 208 bytes for a total of 156037
debug3: Wrote 64 bytes for a total of 156101
debug3: Wrote 224 bytes for a total of 156325
debug3: Wrote 144 bytes for a total of 156469
debug3: Wrote 144 bytes for a total of 156613
debug3: Wrote 64 bytes for a total of 156677
debug3: Wrote 112 bytes for a total of 156789
debug3: Wrote 224 bytes for a total of 157013
debug3: Wrote 208 bytes for a total of 157221
debug3: Wrote 112 bytes for a total of 157333
debug3: Wrote 144 bytes for a total of 157477
debug3: Wrote 288 bytes for a total of 157765
debug3: Wrote 336 bytes for a total of 158101
debug3: Wrote 48 bytes for a total of 158149
debug3: Wrote 464 bytes for a total of 158613
debug3: Wrote 224 bytes for a total of 158837
debug3: Wrote 1024 bytes for a total of 159861
debug3: Wrote 464 bytes for a total of 160325
debug3: Wrote 48 bytes for a total of 160373
debug3: Wrote 96 bytes for a total of 160469
debug3: Wrote 448 bytes for a total of 160917
debug3: Wrote 80 bytes for a total of 160997
debug3: Wrote 224 bytes for a total of 161221
debug3: Wrote 256 bytes for a total of 161477
debug3: Wrote 128 bytes for a total of 161605
debug3: Wrote 368 bytes for a total of 161973
debug3: Wrote 128 bytes for a total of 162101
debug3: Wrote 160 bytes for a total of 162261
debug3: Wrote 272 bytes for a total of 162533
debug3: Wrote 96 bytes for a total of 162629
debug3: Wrote 64 bytes for a total of 162693
debug3: Wrote 64 bytes for a total of 162757
debug3: Wrote 192 bytes for a total of 162949
debug3: Wrote 224 bytes for a total of 163173
debug3: Wrote 384 bytes for a total of 163557
debug3: Wrote 48 bytes for a total of 163605
debug3: Wrote 272 bytes for a total of 163877
debug3: Wrote 208 bytes for a total of 164085
debug3: Wrote 64 bytes for a total of 164149
debug3: Wrote 64 bytes for a total of 164213
debug3: Wrote 160 bytes for a total of 164373
debug3: Wrote 272 bytes for a total of 164645
debug3: Wrote 96 bytes for a total of 164741
debug3: Wrote 128 bytes for a total of 164869
debug3: Wrote 256 bytes for a total of 165125
debug3: Wrote 336 bytes for a total of 165461
debug3: Wrote 48 bytes for a total of 165509
debug3: Wrote 224 bytes for a total of 165733
debug3: Wrote 192 bytes for a total of 165925
debug3: Wrote 128 bytes for a total of 166053
debug3: Wrote 64 bytes for a total of 166117
debug3: Wrote 224 bytes for a total of 166341
debug3: Wrote 240 bytes for a total of 166581
debug3: Wrote 80 bytes for a total of 166661
debug3: Wrote 304 bytes for a total of 166965
debug3: Wrote 448 bytes for a total of 167413
debug3: Wrote 144 bytes for a total of 167557
debug3: Wrote 48 bytes for a total of 167605
debug3: Wrote 240 bytes for a total of 167845
debug3: Wrote 192 bytes for a total of 168037
debug3: Wrote 96 bytes for a total of 168133
debug3: Wrote 112 bytes for a total of 168245
























debug3: Wrote 64 bytes for a total of 168309
debug3: Wrote 80 bytes for a total of 168389
debug3: Wrote 224 bytes for a total of 168613
debug3: Wrote 208 bytes for a total of 168821
debug3: Wrote 64 bytes for a total of 168885
debug3: Wrote 304 bytes for a total of 169189
debug3: Wrote 384 bytes for a total of 169573
debug3: Wrote 64 bytes for a total of 169637
debug3: Wrote 288 bytes for a total of 169925
debug3: Wrote 368 bytes for a total of 170293
debug3: Wrote 64 bytes for a total of 170357
debug3: Wrote 144 bytes for a total of 170501
debug3: Wrote 208 bytes for a total of 170709
debug3: Wrote 96 bytes for a total of 170805
debug3: Wrote 80 bytes for a total of 170885
debug3: Wrote 272 bytes for a total of 171157
debug3: Wrote 240 bytes for a total of 171397
debug3: Wrote 96 bytes for a total of 171493
debug3: Wrote 352 bytes for a total of 171845
debug3: Wrote 96 bytes for a total of 171941
debug3: Wrote 288 bytes for a total of 172229
debug3: Wrote 208 bytes for a total of 172437
debug3: Wrote 192 bytes for a total of 172629
debug3: Wrote 320 bytes for a total of 172949
debug3: Wrote 64 bytes for a total of 173013
debug3: Wrote 240 bytes for a total of 173253
debug3: Wrote 224 bytes for a total of 173477
debug3: Wrote 64 bytes for a total of 173541
debug3: Wrote 160 bytes for a total of 173701
debug3: Wrote 272 bytes for a total of 173973
debug3: Wrote 96 bytes for a total of 174069
debug1: server_input_global_request: rtype cancel-tcpip-forward want_reply 0
debug1: server_input_global_request: cancel-tcpip-forward addr localhost port 54498
debug2: channel_cancel_rport_listener: close channel 4
debug1: channel 4: free: port listener, nchannels 9
debug3: channel 4: status: The following connections are open:
  #0 server-session (t4 r16 i0/0 o0/0 fd 9/7 cfd -1)
  #1 server-session (t4 r17 i0/0 o0/0 fd 12/11 cfd -1)
  #2 server-session (t4 r18 i0/0 o0/0 fd 15/13 cfd -1)
  #3 server-session (t4 r19 i0/0 o0/0 fd 18/16 cfd -1)
  #6 server-session (t4 r22 i0/0 o0/0 fd 23/22 cfd -1)
  #7 server-session (t4 r23 i0/0 o0/0 fd 26/24 cfd -1)
  #8 forwarded-tcpip: listening port 54498 for localhost port 0, connect from 127.0.0.1 port 45816 (t4 r24 i0/0 o0/0 fd 21/21 cfd -1)

debug3: channel 4: close_fds r 8 w 8 e -1 c -1
debug2: channel_cancel_rport_listener: close channel 5
debug1: channel 5: free: port listener, nchannels 8
debug3: channel 5: status: The following connections are open:
  #0 server-session (t4 r16 i0/0 o0/0 fd 9/7 cfd -1)
  #1 server-session (t4 r17 i0/0 o0/0 fd 12/11 cfd -1)
  #2 server-session (t4 r18 i0/0 o0/0 fd 15/13 cfd -1)
  #3 server-session (t4 r19 i0/0 o0/0 fd 18/16 cfd -1)
  #6 server-session (t4 r22 i0/0 o0/0 fd 23/22 cfd -1)
  #7 server-session (t4 r23 i0/0 o0/0 fd 26/24 cfd -1)
  #8 forwarded-tcpip: listening port 54498 for localhost port 0, connect from 127.0.0.1 port 45816 (t4 r24 i0/0 o0/0 fd 21/21 cfd -1)

debug3: channel 5: close_fds r 19 w 19 e -1 c -1
debug3: Wrote 352 bytes for a total of 174421
debug3: Wrote 304 bytes for a total of 174725
debug2: channel 8: read<=0 rfd 21 len 0
debug2: channel 8: read failed
debug2: channel 8: close_read
debug2: channel 8: input open -> drain
debug2: channel 8: ibuf empty
debug2: channel 8: send eof
debug2: channel 8: input drain -> closed
debug3: Wrote 32 bytes for a total of 174757
debug2: channel 8: rcvd close
debug2: channel 8: output open -> drain
debug3: channel 8: will not send data after close
debug2: channel 8: obuf empty
debug2: channel 8: close_write
debug2: channel 8: output drain -> closed
debug2: channel 8: send close
debug2: channel 8: is dead
debug2: channel 8: garbage collecting
debug1: channel 8: free: forwarded-tcpip: listening port 54498 for localhost port 0, connect from 127.0.0.1 port 45816, nchannels 7
debug3: channel 8: status: The following connections are open:
  #0 server-session (t4 r16 i0/0 o0/0 fd 9/7 cfd -1)
  #1 server-session (t4 r17 i0/0 o0/0 fd 12/11 cfd -1)
  #2 server-session (t4 r18 i0/0 o0/0 fd 15/13 cfd -1)
  #3 server-session (t4 r19 i0/0 o0/0 fd 18/16 cfd -1)
  #6 server-session (t4 r22 i0/0 o0/0 fd 23/22 cfd -1)
  #7 server-session (t4 r23 i0/0 o0/0 fd 26/24 cfd -1)
  #8 forwarded-tcpip: listening port 54498 for localhost port 0, connect from 127.0.0.1 port 45816 (t4 r24 i3/0 o3/0 fd 21/21 cfd -1)

debug3: channel 8: close_fds r 21 w 21 e -1 c -1
debug3: Wrote 32 bytes for a total of 174789
debug3: Wrote 224 bytes for a total of 175013
debug2: notify_done: reading
debug1: Received SIGCHLD.
debug1: session_by_pid: pid 12907
debug1: session_exit_message: session 4 channel 6 pid 12907
debug2: channel 6: request exit-status confirm 0
debug1: session_exit_message: release channel 6
debug2: channel 6: write failed
debug2: channel 6: close_write
debug2: channel 6: send eow
debug2: channel 6: output open -> closed
debug2: channel 6: read<=0 rfd 23 len 0
debug2: channel 6: read failed
debug2: channel 6: close_read
debug2: channel 6: input open -> drain
debug2: channel 6: read 0 from efd 25
debug2: channel 6: closing read-efd 25
debug3: Wrote 368 bytes for a total of 175381
debug2: channel 6: ibuf empty
debug2: channel 6: send eof
debug2: channel 6: input drain -> closed
debug2: channel 6: send close
debug3: Wrote 64 bytes for a total of 175445
debug3: channel 6: will not send data after close
debug2: channel 6: rcvd close
debug3: channel 6: will not send data after close
debug2: channel 6: is dead
debug2: channel 6: gc: notify user
debug1: session_by_channel: session 4 channel 6
debug1: session_close_by_channel: channel 6 child 0
debug1: session_close: session 4 pid 0
debug3: session_unused: session id 4 unused
debug2: channel 6: gc: user detached
debug2: channel 6: is dead
debug2: channel 6: garbage collecting
debug1: channel 6: free: server-session, nchannels 6
debug3: channel 6: status: The following connections are open:
  #0 server-session (t4 r16 i0/0 o0/0 fd 9/7 cfd -1)
  #1 server-session (t4 r17 i0/0 o0/0 fd 12/11 cfd -1)
  #2 server-session (t4 r18 i0/0 o0/0 fd 15/13 cfd -1)
  #3 server-session (t4 r19 i0/0 o0/0 fd 18/16 cfd -1)
  #6 server-session (t4 r22 i3/0 o3/0 fd -1/-1 cfd -1)
  #7 server-session (t4 r23 i0/0 o0/0 fd 26/24 cfd -1)

debug3: channel 6: close_fds r -1 w -1 e -1 c -1
debug1: Received SIGCHLD.
debug1: session_by_pid: pid 12908
debug1: session_exit_message: session 5 channel 7 pid 12908
debug2: channel 7: request exit-status confirm 0
debug1: session_exit_message: release channel 7
debug2: channel 7: write failed
debug2: channel 7: close_write
debug2: channel 7: send eow
debug2: channel 7: output open -> closed
debug2: channel 7: read<=0 rfd 26 len 0
debug2: channel 7: read failed
debug2: channel 7: close_read
debug2: channel 7: input open -> drain
debug2: channel 7: read 0 from efd 28
debug2: channel 7: closing read-efd 28
debug2: channel 7: ibuf empty
debug2: channel 7: send eof
debug2: channel 7: input drain -> closed
debug2: channel 7: send close
debug2: notify_done: reading
debug3: Wrote 128 bytes for a total of 175573
debug3: channel 7: will not send data after close
debug2: channel 7: rcvd close
debug3: channel 7: will not send data after close
debug2: channel 7: is dead
debug2: channel 7: gc: notify user
debug1: session_by_channel: session 5 channel 7
debug1: session_close_by_channel: channel 7 child 0
debug1: session_close: session 5 pid 0
debug3: session_unused: session id 5 unused
debug2: channel 7: gc: user detached
debug2: channel 7: is dead
debug2: channel 7: garbage collecting
debug1: channel 7: free: server-session, nchannels 5
debug3: channel 7: status: The following connections are open:
  #0 server-session (t4 r16 i0/0 o0/0 fd 9/7 cfd -1)
  #1 server-session (t4 r17 i0/0 o0/0 fd 12/11 cfd -1)
  #2 server-session (t4 r18 i0/0 o0/0 fd 15/13 cfd -1)
  #3 server-session (t4 r19 i0/0 o0/0 fd 18/16 cfd -1)
  #7 server-session (t4 r23 i3/0 o3/0 fd -1/-1 cfd -1)

debug3: channel 7: close_fds r -1 w -1 e -1 c -1
debug2: channel 0: rcvd close
debug2: channel 0: output open -> drain
debug2: channel 0: close_read
debug2: channel 0: input open -> closed
debug2: channel 2: rcvd close
debug2: channel 2: output open -> drain
debug2: channel 2: close_read
debug2: channel 2: input open -> closed
debug2: channel 3: rcvd close
debug2: channel 3: output open -> drain
debug2: channel 3: close_read
debug2: channel 3: input open -> closed
debug2: channel 1: rcvd close
debug2: channel 1: output open -> drain
debug2: channel 1: close_read
debug2: channel 1: input open -> closed
debug3: channel 0: will not send data after close
debug3: channel 1: will not send data after close
debug3: channel 2: will not send data after close
debug3: channel 3: will not send data after close
debug2: channel 0: obuf empty
debug2: channel 0: close_write
debug2: channel 0: output drain -> closed
debug2: channel 0: almost dead
debug2: channel 0: gc: notify user
debug1: session_by_channel: session 0 channel 0
debug1: session_close_by_channel: channel 0 child 12307
debug1: session_close_by_channel: channel 0: has child
debug1: session_pty_cleanup: session 0 release /dev/pts/3
debug2: channel 1: obuf empty
debug2: channel 1: close_write
debug2: channel 1: output drain -> closed
debug2: channel 1: almost dead
debug2: channel 1: gc: notify user
debug1: session_by_channel: session 1 channel 1
debug1: session_close_by_channel: channel 1 child 12308
debug1: session_close_by_channel: channel 1: has child
debug2: channel 2: obuf empty
debug2: channel 2: close_write
debug2: channel 2: output drain -> closed
debug2: channel 2: almost dead
debug2: channel 2: gc: notify user
debug1: session_by_channel: session 2 channel 2
debug1: session_close_by_channel: channel 2 child 12457
debug1: session_close_by_channel: channel 2: has child
debug2: channel 3: obuf empty
debug2: channel 3: output drain -> closed
debug2: channel 3: almost dead
debug2: channel 3: gc: notify user
debug1: session_by_channel: session 3 channel 3
debug1: session_close_by_channel: channel 3 child 12533
debug1: session_close_by_channel: channel 3: has child
debug2: notify_done: reading
debug2: notify_done: reading
debug2: notify_done: reading
debug2: notify_done: reading
debug1: Received SIGCHLD.
debug1: session_by_pid: pid 12307
debug1: session_exit_message: session 0 channel 0 pid 12307
debug2: channel 0: request exit-signal confirm 0
debug1: session_exit_message: release channel 0
debug1: session_by_pid: pid 12308
debug1: session_exit_message: session 1 channel 1 pid 12308
debug2: channel 1: request exit-status confirm 0
debug1: session_exit_message: release channel 1
debug1: session_by_pid: pid 12457
debug1: session_exit_message: session 2 channel 2 pid 12457
debug2: channel 2: request exit-status confirm 0
debug1: session_exit_message: release channel 2
debug1: session_by_pid: pid 12533
debug1: session_exit_message: session 3 channel 3 pid 12533
debug2: channel 3: request exit-status confirm 0
debug1: session_exit_message: release channel 3
debug2: channel 0: send close
debug2: channel 0: is dead
debug2: channel 0: gc: notify user
debug1: session_by_channel: session 0 channel 0
debug1: session_close_by_channel: channel 0 child 0
debug1: session_close: session 0 pid 0
debug3: session_unused: session id 0 unused
debug2: channel 0: gc: user detached
debug2: channel 0: is dead
debug2: channel 0: garbage collecting
debug1: channel 0: free: server-session, nchannels 4
debug3: channel 0: status: The following connections are open:
  #0 server-session (t4 r16 i3/0 o3/0 fd -1/-1 cfd -1)
  #1 server-session (t4 r17 i3/0 o3/0 fd -1/-1 cfd -1)
  #2 server-session (t4 r18 i3/0 o3/0 fd -1/-1 cfd -1)
  #3 server-session (t4 r19 i3/0 o3/0 fd -1/-1 cfd -1)

debug3: channel 0: close_fds r -1 w -1 e -1 c -1
debug2: channel 1: read 0 from efd 14
debug2: channel 1: closing read-efd 14
debug2: channel 1: send close
debug2: channel 1: is dead
debug2: channel 1: gc: notify user
debug1: session_by_channel: session 1 channel 1
debug1: session_close_by_channel: channel 1 child 0
debug1: session_close: session 1 pid 0
debug3: session_unused: session id 1 unused
debug2: channel 1: gc: user detached
debug2: channel 1: is dead
debug2: channel 1: garbage collecting
debug1: channel 1: free: server-session, nchannels 3
debug3: channel 1: status: The following connections are open:
  #1 server-session (t4 r17 i3/0 o3/0 fd -1/-1 cfd -1)
  #2 server-session (t4 r18 i3/0 o3/0 fd -1/-1 cfd -1)
  #3 server-session (t4 r19 i3/0 o3/0 fd -1/-1 cfd -1)

debug3: channel 1: close_fds r -1 w -1 e -1 c -1
debug2: channel 2: read 0 from efd 17
debug2: channel 2: closing read-efd 17
debug2: channel 2: send close
debug2: channel 2: is dead
debug2: channel 2: gc: notify user
debug1: session_by_channel: session 2 channel 2
debug1: session_close_by_channel: channel 2 child 0
debug1: session_close: session 2 pid 0
debug3: session_unused: session id 2 unused
debug2: channel 2: gc: user detached
debug2: channel 2: is dead
debug2: channel 2: garbage collecting
debug1: channel 2: free: server-session, nchannels 2
debug3: channel 2: status: The following connections are open:
  #2 server-session (t4 r18 i3/0 o3/0 fd -1/-1 cfd -1)
  #3 server-session (t4 r19 i3/0 o3/0 fd -1/-1 cfd -1)

debug3: channel 2: close_fds r -1 w -1 e -1 c -1
debug2: channel 3: read 0 from efd 20
debug2: channel 3: closing read-efd 20
debug2: channel 3: send close
debug2: channel 3: is dead
debug2: channel 3: gc: notify user
debug1: session_by_channel: session 3 channel 3
debug1: session_close_by_channel: channel 3 child 0
debug1: session_close: session 3 pid 0
debug3: session_unused: session id 3 unused
debug2: channel 3: gc: user detached
debug2: channel 3: is dead
debug2: channel 3: garbage collecting
debug1: channel 3: free: server-session, nchannels 1
debug3: channel 3: status: The following connections are open:
  #3 server-session (t4 r19 i3/0 o3/0 fd -1/-1 cfd -1)

debug3: channel 3: close_fds r -1 w -1 e -1 c -1
Connection closed by 192.168.0.125
debug1: do_cleanup
debug1: PAM: cleanup
debug1: PAM: closing session
debug1: PAM: deleting credentials
debug3: PAM: sshpam_thread_cleanup entering
Transferred: sent 169920, received 5048 bytes
Closing connection to 192.168.0.125 port 54492
