debug1: sshd version OpenSSH_5.3p1
debug1: read PEM private key done: type RSA
debug1: private host key: #0 type 1 RSA
debug1: read PEM private key done: type DSA
debug1: private host key: #1 type 2 DSA
debug1: rexec_argv[0]='/usr/sbin/sshd'
debug1: rexec_argv[1]='-ddd'
debug1: rexec_argv[2]='-p1025'
debug1: Bind to port 1025 on 0.0.0.0.
debug1: Bind to port 1025 on ::.
debug1: Server will not fork when running in debugging mode.
debug1: rexec start in 5 out 5 newsock 5 pipe -1 sock 8
debug1: inetd sockets after dupping: 3, 3
debug1: Client protocol version 2.0; client software version JSCH-0.1.46
debug1: no match: JSCH-0.1.46
debug1: Enabling compatibility mode for protocol 2.0
debug1: Local version string SSH-2.0-OpenSSH_5.3
debug1: permanently_set_uid: 74/74
debug1: list_hostkey_types: ssh-rsa,ssh-dss
debug1: SSH2_MSG_KEXINIT sent
debug1: SSH2_MSG_KEXINIT received
debug1: kex: client->server aes128-ctr hmac-md5 none
debug1: kex: server->client aes128-ctr hmac-md5 none
debug1: expecting SSH2_MSG_KEXDH_INIT
debug1: SSH2_MSG_NEWKEYS sent
debug1: expecting SSH2_MSG_NEWKEYS
debug1: SSH2_MSG_NEWKEYS received
debug1: KEX done
debug1: userauth-request for user root service ssh-connection method none
debug1: attempt 0 failures 0
debug1: PAM: initializing for "root"
debug1: userauth-request for user root service ssh-connection method publickey
debug1: attempt 1 failures 0
debug1: test whether pkalg/pkblob are acceptable
debug1: PAM: setting PAM_RHOST to "192.168.0.125"
debug1: PAM: setting PAM_TTY to "ssh"
debug1: temporarily_use_uid: 0/0 (e=0/0)
debug1: trying public key file /root/.ssh/authorized_keys
debug1: fd 4 clearing O_NONBLOCK
debug1: matching key found: file /root/.ssh/authorized_keys, line 2
debug1: restore_uid: 0/0
debug1: userauth-request for user root service ssh-connection method publickey
debug1: attempt 2 failures 0
debug1: temporarily_use_uid: 0/0 (e=0/0)
debug1: trying public key file /root/.ssh/authorized_keys
debug1: fd 4 clearing O_NONBLOCK
debug1: matching key found: file /root/.ssh/authorized_keys, line 2
debug1: restore_uid: 0/0
debug1: ssh_rsa_verify: signature correct
debug1: do_pam_account: called
debug1: monitor_child_preauth: root has been authenticated by privileged process
debug1: temporarily_use_uid: 0/0 (e=0/0)
debug1: ssh_gssapi_storecreds: Not a GSSAPI mechanism
debug1: restore_uid: 0/0
debug1: SELinux support disabled
debug1: PAM: establishing credentials
debug1: Entering interactive session for SSH2.
debug1: server_init_dispatch_20
debug1: server_input_channel_open: ctype session rchan 16 win 1048576 max 16384
debug1: input_session_request
debug1: channel 0: new [server-session]
debug1: session_new: session 0
debug1: session_open: channel 0
debug1: session_open: session 0: link with channel 0
debug1: server_input_channel_open: confirm session
debug1: server_input_channel_req: channel 0 request pty-req reply 0
debug1: session_by_channel: session 0 channel 0
debug1: session_input_channel_req: session 0 req pty-req
debug1: Allocating pty.
debug1: session_pty_req: session 0 alloc /dev/pts/3
debug1: server_input_channel_req: channel 0 request exec reply 0
debug1: session_by_channel: session 0 channel 0
debug1: session_input_channel_req: session 0 req exec
debug1: Setting controlling tty using TIOCSCTTY.
debug1: server_input_channel_open: ctype session rchan 17 win 2097152 max 32768
debug1: input_session_request
debug1: channel 1: new [server-session]
debug1: session_new: session 1
debug1: session_open: channel 1
debug1: session_open: session 1: link with channel 1
debug1: server_input_channel_open: confirm session
debug1: server_input_channel_req: channel 1 request subsystem reply 1
debug1: session_by_channel: session 1 channel 1
debug1: session_input_channel_req: session 1 req subsystem
debug1: subsystem: exec() /usr/libexec/openssh/sftp-server
debug1: server_input_channel_open: ctype session rchan 18 win 2097152 max 32768
debug1: input_session_request
debug1: channel 2: new [server-session]
debug1: session_new: session 2
debug1: session_open: channel 2
debug1: session_open: session 2: link with channel 2
debug1: server_input_channel_open: confirm session
debug1: server_input_channel_req: channel 2 request subsystem reply 1
debug1: session_by_channel: session 2 channel 2
debug1: session_input_channel_req: session 2 req subsystem
debug1: subsystem: exec() /usr/libexec/openssh/sftp-server
debug1: server_input_channel_open: ctype session rchan 19 win 2097152 max 32768
debug1: input_session_request
debug1: channel 3: new [server-session]
debug1: session_new: session 3
debug1: session_open: channel 3
debug1: session_open: session 3: link with channel 3
debug1: server_input_channel_open: confirm session
debug1: server_input_channel_req: channel 3 request subsystem reply 1
debug1: session_by_channel: session 3 channel 3
debug1: session_input_channel_req: session 3 req subsystem
debug1: subsystem: exec() /usr/libexec/openssh/sftp-server
debug1: server_input_global_request: rtype tcpip-forward want_reply 1
debug1: server_input_global_request: tcpip-forward listen localhost port 54498
debug1: Local forwarding listening on ::1 port 54498.
debug1: channel 4: new [port listener]
debug1: Local forwarding listening on 127.0.0.1 port 54498.
debug1: channel 5: new [port listener]
debug1: server_input_channel_open: ctype session rchan 20 win 1048576 max 16384
debug1: input_session_request
debug1: channel 6: new [server-session]
debug1: session_new: session 4
debug1: session_open: channel 6
debug1: session_open: session 4: link with channel 6
debug1: server_input_channel_open: confirm session
debug1: server_input_channel_req: channel 6 request exec reply 0
debug1: session_by_channel: session 4 channel 6
debug1: session_input_channel_req: session 4 req exec
debug1: Received SIGCHLD.
debug1: session_by_pid: pid 12611
debug1: session_exit_message: session 4 channel 6 pid 12611
debug1: session_exit_message: release channel 6
debug1: session_by_channel: session 4 channel 6
debug1: session_close_by_channel: channel 6 child 0
debug1: session_close: session 4 pid 0
debug1: channel 6: free: server-session, nchannels 7
debug1: server_input_channel_open: ctype session rchan 21 win 1048576 max 16384
debug1: input_session_request
debug1: channel 6: new [server-session]
debug1: session_new: session 4
debug1: session_open: channel 6
debug1: session_open: session 4: link with channel 6
debug1: server_input_channel_open: confirm session
debug1: server_input_channel_req: channel 6 request exec reply 0
debug1: session_by_channel: session 4 channel 6
debug1: session_input_channel_req: session 4 req exec
debug1: Received SIGCHLD.
debug1: session_by_pid: pid 12759
debug1: session_exit_message: session 4 channel 6 pid 12759
debug1: session_exit_message: release channel 6
debug1: session_by_channel: session 4 channel 6
debug1: session_close_by_channel: channel 6 child 0
debug1: session_close: session 4 pid 0
debug1: channel 6: free: server-session, nchannels 7
debug1: server_input_channel_open: ctype session rchan 22 win 1048576 max 16384
debug1: input_session_request
debug1: channel 6: new [server-session]
debug1: session_new: session 4
debug1: session_open: channel 6
debug1: session_open: session 4: link with channel 6
debug1: server_input_channel_open: confirm session
debug1: server_input_channel_req: channel 6 request exec reply 0
debug1: session_by_channel: session 4 channel 6
debug1: session_input_channel_req: session 4 req exec
debug1: server_input_channel_open: ctype session rchan 23 win 1048576 max 16384
debug1: input_session_request
debug1: channel 7: new [server-session]
debug1: session_new: session 5
debug1: session_open: channel 7
debug1: session_open: session 5: link with channel 7
debug1: server_input_channel_open: confirm session
debug1: server_input_channel_req: channel 7 request exec reply 0
debug1: session_by_channel: session 5 channel 7
debug1: session_input_channel_req: session 5 req exec
debug1: Connection to port 54498 forwarding to localhost port 0 requested.
debug1: channel 8: new [forwarded-tcpip]
debug1: server_input_global_request: rtype cancel-tcpip-forward want_reply 0
debug1: server_input_global_request: cancel-tcpip-forward addr localhost port 54498
debug1: channel 4: free: port listener, nchannels 9
debug1: channel 5: free: port listener, nchannels 8
debug1: channel 8: free: forwarded-tcpip: listening port 54498 for localhost port 0, connect from 127.0.0.1 port 45816, nchannels 7
debug1: Received SIGCHLD.
debug1: session_by_pid: pid 12907
debug1: session_exit_message: session 4 channel 6 pid 12907
debug1: session_exit_message: release channel 6
debug1: session_by_channel: session 4 channel 6
debug1: session_close_by_channel: channel 6 child 0
debug1: session_close: session 4 pid 0
debug1: channel 6: free: server-session, nchannels 6
debug1: Received SIGCHLD.
debug1: session_by_pid: pid 12908
debug1: session_exit_message: session 5 channel 7 pid 12908
debug1: session_exit_message: release channel 7
debug1: session_by_channel: session 5 channel 7
debug1: session_close_by_channel: channel 7 child 0
debug1: session_close: session 5 pid 0
debug1: channel 7: free: server-session, nchannels 5
debug1: session_by_channel: session 0 channel 0
debug1: session_close_by_channel: channel 0 child 12307
debug1: session_close_by_channel: channel 0: has child
debug1: session_pty_cleanup: session 0 release /dev/pts/3
debug1: session_by_channel: session 1 channel 1
debug1: session_close_by_channel: channel 1 child 12308
debug1: session_close_by_channel: channel 1: has child
debug1: session_by_channel: session 2 channel 2
debug1: session_close_by_channel: channel 2 child 12457
debug1: session_close_by_channel: channel 2: has child
debug1: session_by_channel: session 3 channel 3
debug1: session_close_by_channel: channel 3 child 12533
debug1: session_close_by_channel: channel 3: has child
debug1: Received SIGCHLD.
debug1: session_by_pid: pid 12307
debug1: session_exit_message: session 0 channel 0 pid 12307
debug1: session_exit_message: release channel 0
debug1: session_by_pid: pid 12308
debug1: session_exit_message: session 1 channel 1 pid 12308
debug1: session_exit_message: release channel 1
debug1: session_by_pid: pid 12457
debug1: session_exit_message: session 2 channel 2 pid 12457
debug1: session_exit_message: release channel 2
debug1: session_by_pid: pid 12533
debug1: session_exit_message: session 3 channel 3 pid 12533
debug1: session_exit_message: release channel 3
debug1: session_by_channel: session 0 channel 0
debug1: session_close_by_channel: channel 0 child 0
debug1: session_close: session 0 pid 0
debug1: channel 0: free: server-session, nchannels 4
debug1: session_by_channel: session 1 channel 1
debug1: session_close_by_channel: channel 1 child 0
debug1: session_close: session 1 pid 0
debug1: channel 1: free: server-session, nchannels 3
debug1: session_by_channel: session 2 channel 2
debug1: session_close_by_channel: channel 2 child 0
debug1: session_close: session 2 pid 0
debug1: channel 2: free: server-session, nchannels 2
debug1: session_by_channel: session 3 channel 3
debug1: session_close_by_channel: channel 3 child 0
debug1: session_close: session 3 pid 0
debug1: channel 3: free: server-session, nchannels 1
debug1: do_cleanup
debug1: PAM: cleanup
debug1: PAM: closing session
debug1: PAM: deleting credentials
