root     11816  0.4  0.0 108148  1448 ?        Ss   16:05   0:00
  /bin/bash -l -c echo "PID=$$ PIID=13" > /dev/pts/0;
  export "PTP_DEBUGGER_EXECUTABLE_PATH=/public/bin/sdm700";
  export "PTP_LAUNCH_MODE=debug";
  export "PTP_JOBID=0137915a-d253-46ac-b250-4bf483c9940c";
  export "PTP_DEBUGGER_ARGS=--port=50890 --host=localhost --debugger=gdb-mi";
  cd /public/SynchronizedProjects_01/MPITestDawn/Debug &&
  /public/bin/sdm700
    --master
    --routing_file\=routes_0137915a-d253-46ac-b250-4bf483c9940c
    --port\=50890
    --host\=localhost
    --debugger\=gdb-mi

root     11817  0.3  0.0 108148  1448 ?        Ss   16:05   0:00
  /bin/bash -l -c echo "PID=$$ PIID=14" > /dev/pts/0;
  export "PTP_DEBUGGER_EXECUTABLE_PATH=/public/bin/sdm700";
  export "PTP_LAUNCH_MODE=debug";
  export "PTP_JOBID=0137915a-d253-46ac-b250-4bf483c9940c";
  export "PTP_DEBUGGER_ARGS=--port=50890 --host=localhost --debugger=gdb-mi";
  cd /public/SynchronizedProjects_01/MPITestDawn/Debug &&
  perl /root/.eclipsesettings/rms/OPENMPI/start_job.pl
    mpirun
      -np 1
      --hostfile /public/krime/ma2.ma

root     12107  0.1  0.0  10628   920 ?        S    16:05   0:00
  /public/bin/sdm700
    --master
    --routing_file=routes_0137915a-d253-46ac-b250-4bf483c9940c
    --port=50890
    --host=localhost
    --debugger=gdb-mi

root     12109  0.0  0.0  23368  2076 ?        S    16:05   0:00
  mpirun
    -np 1
    --hostfile /public/krime/ma2.ma
    -mca orte_show_resolved_nodenames 1
    -display-map
      /public/bin/sdm700
        --port=50890
        --host=localhost
        --debugger=gdb-mi
        --routing_file=/public/SynchronizedProjects_01/MPITestDawn/Debug/routes_0137915a-d253-46ac-b250-4bf483c9940c

