debug1: PAM: reinitializing credentials
debug1: permanently_set_uid: 0/0
Environment:
  USER=root
  LOGNAME=root
  HOME=/root
  PATH=/usr/local/sbin:/usr/local/bin:/sbin:/bin:/usr/sbin:/usr/bin
  MAIL=/var/mail/root
  SHELL=/bin/bash
  SSH_CLIENT=192.168.0.125 55328 1025
  SSH_CONNECTION=192.168.0.125 55328 192.168.0.5 1025
debug3: channel 0: close_fds r 9 w 7 e -1 c -1
debug3: channel 1: close_fds r 12 w 11 e 14 c -1
debug3: channel 2: close_fds r 15 w 13 e 17 c -1
debug3: channel 3: close_fds r 18 w 16 e 20 c -1
debug3: channel 4: close_fds r 8 w 8 e -1 c -1
debug3: channel 5: close_fds r 19 w 19 e -1 c -1
debug3: channel 6: close_fds r 23 w 22 e 25 c -1
debug3: channel 7: close_fds r -1 w -1 e -1 c -1
#PTP job_id=15334

found job map
found node node2, procs 1
found proc 0
found end of node map
found end of table
SDM: [server] effsize: 2, size: 1, rv: 0
SDM: [server] Found routing file, size=1
SDM: [0] size 2
SDM: [0] in sdm_create_sockd_map
SDM: [0] sdm_route_get_route dest {0}, parent 1
SDM: [0] adjacent nodes: {}
SDM: [0] This node is a server!
SDM: [server] effsize: 2, size: 1, rv: 0
SDM: [0] nodeID: 0, hostname: node2, port: 58089
SDM: [0] found entry for node 0
SDM: [0] found my entry
SDM: [0] [ACCEPT] sockfd: 4
SDM: [0] port bound: 58089
SDM: [0] bound to port 58089
SDM: [0] peersockfd: 5
SDM: [0] Parent 1 successfully connected
SDM: [0] This node is a leaf
SDM: [0] Initialization successful
SDM: starting task 0
SDM: starting server on 0, size=2
SDM: [0] receiving header
SDM: MESSAGE_LEN:91
SDM: [0] About to recv 91
SDM: [0] sdm_message_progress received len 91 from 1
SDM: [0] sdm_message_progress agg=0x0 src={1} dest={0}
SDM: [0] About to call recv_callback
SDM: [0] Enter recv_callback
SDM: [0] got downstream message src={1}, dest={0}
SDM: [0] Creating new request #0 expected replies {0}
SDM: [0] sdm_message_deliver 
SDM: [0] Enter deliver_callback
MI: SEND -gdb-version
MI: RECV =thread-group-added,id="i1"
MI: RECV ~"Reading symbols from /public/SynchronizedProjects_01/MPITestDawn/Debug/MPITestDawn..."
MI: RECV ~"done.\n"
MI: RECV (gdb) 
MI: RECV ~"GNU gdb (GDB) Red Hat Enterprise Linux (7.2-50.el6)\n"
MI: RECV ~"Copyright (C) 2010 Free Software Foundation, Inc.\n"
MI: RECV ~"License GPLv3+: GNU GPL version 3 or later <http://gnu.org/licenses/gpl.html>\nThis is free software: you are free to change and redistribute it.\nThere is NO WARRANTY, to the extent permitted by law.  Type \"show copying\"\nand \"show warranty\" for details.\n"
~"This GDB was configured as \"x86_64-redhat-linux-gnu\".\nFor bug reporting instructions, please see:\n"
~"<http://www.gnu.org/software/gdb/bugs/>.\n"
^done
(gdb) 
MI: PROCESS COMMAND CALLBACK
SDM: ------------------- gdb version: 7.200000
MI: SEND -gdb-set confirm off
MI: RECV ^done
(gdb) 
MI: PROCESS COMMAND CALLBACK
SDM: [0] Leaving deliver_callback
SDM: [0] sdm_message_send removing me from dest
SDM: [0] sdm_route_get_route dest {}, parent 1
SDM: [0] sdm_message_send src {1} dest {} route {}
SDM: [0] About to call send_complete
SDM: [0] Leaving sdm_message_send
SDM: [0] Leaving recv_callback
SDM: [0] Finished recv_callback
SDM: [0] server event_callback ''
SDM: [0] sdm_aggregate_message: upstream message #0 from {0}
SDM: [0] reply updated: src={0} replies outstanding: {}
SDM: [0] creating new reply #78e9f836 for request 0
SDM: [0] request 0 completed for #78e9f836
SDM: [0] Enter aggregate_callback
SDM: [0] sdm_route_get_route dest {1}, parent 1
SDM: [0] sdm_message_send src {0} dest {1} route {1}
SDM: [0] Sending len 18
SDM: [0] Sending to 1
SDM: [0] About to send 22
SDM: [0] About to call send_complete
SDM: [0] Leaving sdm_message_send
SDM: [0] Leaving aggregate_callback
SDM: [0] Enter free_request
SDM: [0] Leaving free_request
SDM: [0] receiving header
SDM: MESSAGE_LEN:47
SDM: [0] About to recv 47
SDM: [0] sdm_message_progress received len 47 from 1
SDM: [0] sdm_message_progress agg=0x0 src={1} dest={0}
SDM: [0] About to call recv_callback
SDM: [0] Enter recv_callback
SDM: [0] got downstream message src={1}, dest={0}
SDM: [0] Creating new request #2 expected replies {0}
SDM: [0] sdm_message_deliver 
SDM: [0] Enter deliver_callback
MI: SEND -break-insert -t MAIN__
MI: RECV ^error,msg="Function \"MAIN__\" not defined."
(gdb) 
MI: PROCESS COMMAND CALLBACK
MI: SEND -break-insert -t main
MI: RECV ^done,bkpt={number="1",type="breakpoint",disp="del",enabled="y",addr="0x0000000000400d7f",func="main",file="../src/MPITestDawn.c",fullname="/public/SynchronizedProjects_01/MPITestDawn/src/MPITestDawn.c",line="59",times="0",original-location="main"}
(gdb) 
MI: PROCESS COMMAND CALLBACK
SDM: [0] Leaving deliver_callback
SDM: [0] sdm_message_send removing me from dest
SDM: [0] sdm_route_get_route dest {}, parent 1
SDM: [0] sdm_message_send src {1} dest {} route {}
SDM: [0] About to call send_complete
SDM: [0] Leaving sdm_message_send
SDM: [0] Leaving recv_callback
SDM: [0] Finished recv_callback
SDM: [0] server event_callback ''
SDM: [0] sdm_aggregate_message: upstream message #2 from {0}
SDM: [0] reply updated: src={0} replies outstanding: {}
SDM: [0] creating new reply #78e9f836 for request 2
SDM: [0] request 2 completed for #78e9f836
SDM: [0] Enter aggregate_callback
SDM: [0] sdm_route_get_route dest {1}, parent 1
SDM: [0] sdm_message_send src {0} dest {1} route {1}
SDM: [0] Sending len 18
SDM: [0] Sending to 1
SDM: [0] About to send 22
SDM: [0] About to call send_complete
SDM: [0] Leaving sdm_message_send
SDM: [0] Leaving aggregate_callback
SDM: [0] Enter free_request
SDM: [0] Leaving free_request
SDM: [0] receiving header
SDM: MESSAGE_LEN:16
SDM: [0] About to recv 16
SDM: [0] sdm_message_progress received len 16 from 1
SDM: [0] sdm_message_progress agg=0x186a0 src={1} dest={0}
SDM: [0] About to call recv_callback
SDM: [0] Enter recv_callback
SDM: [0] got downstream message src={1}, dest={0}
SDM: [0] Creating new request #4 expected replies {0}
SDM: [0] sdm_message_deliver 
SDM: [0] Enter deliver_callback
MI: SEND -exec-run
MI: RECV =thread-group-started,id="i1",pid="9842"
=thread-created,id="1",group-id="i1"
MI: RECV ^running
*running,thread-id="all"
(gdb) 
MI: PROCESS COMMAND CALLBACK
SDM: [0] Leaving deliver_callback
SDM: [0] sdm_message_send removing me from dest
SDM: [0] sdm_route_get_route dest {}, parent 1
SDM: [0] sdm_message_send src {1} dest {} route {}
SDM: [0] About to call send_complete
SDM: [0] Leaving sdm_message_send
SDM: [0] Leaving recv_callback
SDM: [0] Finished recv_callback
SDM: [0] server event_callback ''
SDM: [0] sdm_aggregate_message: upstream message #4 from {0}
SDM: [0] reply updated: src={0} replies outstanding: {}
SDM: [0] creating new reply #78e9f836 for request 4
SDM: [0] request 4 completed for #78e9f836
SDM: [0] Enter aggregate_callback
SDM: [0] sdm_route_get_route dest {1}, parent 1
SDM: [0] sdm_message_send src {0} dest {1} route {1}
SDM: [0] Sending len 18
SDM: [0] Sending to 1
SDM: [0] About to send 22
SDM: [0] About to call send_complete
SDM: [0] Leaving sdm_message_send
SDM: [0] Leaving aggregate_callback
SDM: [0] Enter free_request
SDM: [0] Leaving free_request
MI: RECV =library-loaded,id="/lib64/ld-linux-x86-64.so.2",target-name="/lib64/ld-linux-x86-64.so.2",host-name="/lib64/ld-linux-x86-64.so.2",symbols-loaded="0",thread-group="i1"
MI: RECV =library-loaded,id="/opt/openmpi/lib/libmpi.so.0",target-name="/opt/openmpi/lib/libmpi.so.0",host-name="/opt/openmpi/lib/libmpi.so.0",symbols-loaded="0",thread-group="i1"
=library-loaded,id="/opt/openmpi/lib/libopen-rte.so.0",target-name="/opt/openmpi/lib/libopen-rte.so.0",host-name="/opt/openmpi/lib/libopen-rte.so.0",symbols-loaded="0",thread-group="i1"
=library-loaded,id="/opt/openmpi/lib/libopen-pal.so.0",target-name="/opt/openmpi/lib/libopen-pal.so.0",host-name="/opt/openmpi/lib/libopen-pal.so.0",symbols-loaded="0",thread-group="i1"
=library-loaded,id="/lib64/libdl.so.2",target-name="/lib64/libdl.so.2",host-name="/lib64/libdl.so.2",symbols-loaded="0",thread-group="i1"
=library-loaded,id="/lib64/libnsl.so.1",target-name="/lib64/libnsl.so.1",host-name="/lib64/libnsl.so.1",symbols-loaded="0",thread-group="i1"
=library-loaded,id="/lib64/libutil.so.1",target-name="/lib64/libutil.so.1",host-name="/lib64/libutil.so.1",symbols-loaded="0",thread-group="i1"
=library-loaded,id="/lib64/libm.so.6",target-name="/lib64/libm.so.6",host-name="/lib64/libm.so.6",symbols-loaded="0",thread-group="i1"
=library-loaded,id="/lib64/libpthread.so.0",target-name="/lib64/libpthread.so.0",host-name="/lib64/libpthread.so.0",symbols-loaded="0",thread-group="i1"
=library-loaded,id="/lib64/libc.so.6",target-name="/lib64/libc.so.6",host-name="/lib64/libc.so.6",symbols-loaded="0",thread-group="i1"
MI: RECV ~"[Thread debugging using libthread_db enabled]\n"
MI: RECV *stopped,reason="breakpoint-hit",disp="del",bkptno="1",frame={addr="0x0000000000400d7f",func="main",args=[{name="argc",value="1"},{name="argv",value="0x7fffffffe138"}],file="../src/MPITestDawn.c",fullname="/public/SynchronizedProjects_01/MPITestDawn/src/MPITestDawn.c",line="59"},thread-id="1",stopped-threads="all",core="0"
MI: SEND -stack-info-depth
MI: RECV (gdb) 
MI: RECV ^done,depth="1"
(gdb) 
MI: PROCESS COMMAND CALLBACK
MI: SEND -var-update *
MI: RECV ^done,changelist=[]
(gdb) 
MI: PROCESS COMMAND CALLBACK
SDM: [0] server event_callback ''
SDM: [0] sdm_aggregate_message: upstream message #4 from {0}
SDM: [0] sdm_aggregate_message: message is unsolicited
SDM: [0] Creating new request #4 expected replies {0}
SDM: [0] reply updated: src={0} replies outstanding: {}
SDM: [0] creating new reply #2a823db4 for request 4
SDM: [0] request 4 completed for #2a823db4
SDM: [0] Enter aggregate_callback
SDM: [0] sdm_route_get_route dest {1}, parent 1
SDM: [0] sdm_message_send src {0} dest {1} route {1}
SDM: [0] Sending len 94
SDM: [0] Sending to 1
SDM: [0] About to send 98
SDM: [0] About to call send_complete
SDM: [0] Leaving sdm_message_send
SDM: [0] Leaving aggregate_callback
SDM: [0] Enter free_request
SDM: [0] Leaving free_request
SDM: [0] receiving header
SDM: MESSAGE_LEN:14
SDM: [0] About to recv 14
SDM: [0] sdm_message_progress received len 14 from 1
SDM: [0] sdm_message_progress agg=0x0 src={1} dest={0}
SDM: [0] About to call recv_callback
SDM: [0] Enter recv_callback
SDM: [0] got downstream message src={1}, dest={0}
SDM: [0] Creating new request #7 expected replies {0}
SDM: [0] sdm_message_deliver 
SDM: [0] Enter deliver_callback
MI: SEND info threads
MI: RECV &"info threads\n"
MI: RECV ~"* 1 Thread 0x7ffff771c700 (LWP 9842)  main (argc=1, argv=0x7fffffffe138) at ../src/MPITestDawn.c:59\n"
^done
(gdb) 
MI: PROCESS COMMAND CALLBACK
SDM: [0] Leaving deliver_callback
SDM: [0] sdm_message_send removing me from dest
SDM: [0] sdm_route_get_route dest {}, parent 1
SDM: [0] sdm_message_send src {1} dest {} route {}
SDM: [0] About to call send_complete
SDM: [0] Leaving sdm_message_send
SDM: [0] Leaving recv_callback
SDM: [0] Finished recv_callback
SDM: [0] server event_callback ''
SDM: [0] sdm_aggregate_message: upstream message #7 from {0}
SDM: [0] reply updated: src={0} replies outstanding: {}
SDM: [0] creating new reply #704c1540 for request 7
SDM: [0] request 7 completed for #704c1540
SDM: [0] Enter aggregate_callback
SDM: [0] sdm_route_get_route dest {1}, parent 1
SDM: [0] sdm_message_send src {0} dest {1} route {1}
SDM: [0] Sending len 26
SDM: [0] Sending to 1
SDM: [0] About to send 30
SDM: [0] About to call send_complete
SDM: [0] Leaving sdm_message_send
SDM: [0] Leaving aggregate_callback
SDM: [0] Enter free_request
SDM: [0] Leaving free_request
SDM: [0] receiving header
SDM: MESSAGE_LEN:14
SDM: [0] About to recv 14
SDM: [0] sdm_message_progress received len 14 from 1
SDM: [0] sdm_message_progress agg=0x0 src={1} dest={0}
SDM: [0] About to call recv_callback
SDM: [0] Enter recv_callback
SDM: [0] got downstream message src={1}, dest={0}
SDM: [0] Creating new request #9 expected replies {0}
SDM: [0] sdm_message_deliver 
SDM: [0] Enter deliver_callback
MI: SEND -stack-info-depth
MI: RECV ^done,depth="1"
(gdb) 
MI: PROCESS COMMAND CALLBACK
SDM: [0] Leaving deliver_callback
SDM: [0] sdm_message_send removing me from dest
SDM: [0] sdm_route_get_route dest {}, parent 1
SDM: [0] sdm_message_send src {1} dest {} route {}
SDM: [0] About to call send_complete
SDM: [0] Leaving sdm_message_send
SDM: [0] Leaving recv_callback
SDM: [0] Finished recv_callback
SDM: [0] server event_callback ''
SDM: [0] sdm_aggregate_message: upstream message #9 from {0}
SDM: [0] reply updated: src={0} replies outstanding: {}
SDM: [0] creating new reply #97e80cb7 for request 9
SDM: [0] request 9 completed for #97e80cb7
SDM: [0] Enter aggregate_callback
SDM: [0] sdm_route_get_route dest {1}, parent 1
SDM: [0] sdm_message_send src {0} dest {1} route {1}
SDM: [0] Sending len 22
SDM: [0] Sending to 1
SDM: [0] About to send 26
SDM: [0] About to call send_complete
SDM: [0] Leaving sdm_message_send
SDM: [0] Leaving aggregate_callback
SDM: [0] Enter free_request
SDM: [0] Leaving free_request
SDM: [0] receiving header
SDM: MESSAGE_LEN:22
SDM: [0] About to recv 22
SDM: [0] sdm_message_progress received len 22 from 1
SDM: [0] sdm_message_progress agg=0x0 src={1} dest={0}
SDM: [0] About to call recv_callback
SDM: [0] Enter recv_callback
SDM: [0] got downstream message src={1}, dest={0}
SDM: [0] Creating new request #11 expected replies {0}
SDM: [0] sdm_message_deliver 
SDM: [0] Enter deliver_callback
MI: SEND -stack-list-frames 0 1
MI: RECV ^done,stack=[frame={level="0",addr="0x0000000000400d7f",func="main",file="../src/MPITestDawn.c",fullname="/public/SynchronizedProjects_01/MPITestDawn/src/MPITestDawn.c",line="59"}]
(gdb) 
MI: PROCESS COMMAND CALLBACK
SDM: [0] Leaving deliver_callback
SDM: [0] sdm_message_send removing me from dest
SDM: [0] sdm_route_get_route dest {}, parent 1
SDM: [0] sdm_message_send src {1} dest {} route {}
SDM: [0] About to call send_complete
SDM: [0] Leaving sdm_message_send
SDM: [0] Leaving recv_callback
SDM: [0] Finished recv_callback
SDM: [0] server event_callback ''
SDM: [0] sdm_aggregate_message: upstream message #11 from {0}
SDM: [0] reply updated: src={0} replies outstanding: {}
SDM: [0] creating new reply #739b1505 for request 11
SDM: [0] request 11 completed for #739b1505
SDM: [0] Enter aggregate_callback
SDM: [0] sdm_route_get_route dest {1}, parent 1
SDM: [0] sdm_message_send src {0} dest {1} route {1}
SDM: [0] Sending len 82
SDM: [0] Sending to 1
SDM: [0] About to send 86
SDM: [0] About to call send_complete
SDM: [0] Leaving sdm_message_send
SDM: [0] Leaving aggregate_callback
SDM: [0] Enter free_request
SDM: [0] Leaving free_request
SDM: [0] receiving header
SDM: MESSAGE_LEN:16
SDM: [0] About to recv 16
SDM: [0] sdm_message_progress received len 16 from 1
SDM: [0] sdm_message_progress agg=0x186a0 src={1} dest={0}
SDM: [0] About to call recv_callback
SDM: [0] Enter recv_callback
SDM: [0] got downstream message src={1}, dest={0}
SDM: [0] Creating new request #13 expected replies {0}
SDM: [0] sdm_message_deliver 
SDM: [0] Enter deliver_callback
MI: SEND -exec-continue
MI: RECV ^running
*running,thread-id="all"
(gdb) 
MI: PROCESS COMMAND CALLBACK
SDM: [0] Leaving deliver_callback
SDM: [0] sdm_message_send removing me from dest
SDM: [0] sdm_route_get_route dest {}, parent 1
SDM: [0] sdm_message_send src {1} dest {} route {}
SDM: [0] About to call send_complete
SDM: [0] Leaving sdm_message_send
SDM: [0] Leaving recv_callback
SDM: [0] Finished recv_callback
SDM: [0] server event_callback ''
SDM: [0] sdm_aggregate_message: upstream message #13 from {0}
SDM: [0] reply updated: src={0} replies outstanding: {}
SDM: [0] creating new reply #78e9f836 for request 13
SDM: [0] request 13 completed for #78e9f836
SDM: [0] Enter aggregate_callback
SDM: [0] sdm_route_get_route dest {1}, parent 1
SDM: [0] sdm_message_send src {0} dest {1} route {1}
SDM: [0] Sending len 18
SDM: [0] Sending to 1
SDM: [0] About to send 22
SDM: [0] About to call send_complete
SDM: [0] Leaving sdm_message_send
SDM: [0] Leaving aggregate_callback
SDM: [0] Enter free_request
SDM: [0] Leaving free_request
MI: RECV =library-loaded,id="/lib64/libnss_files.so.2",target-name="/lib64/libnss_files.so.2",host-name="/lib64/libnss_files.so.2",symbols-loaded="0",thread-group="i1"
MI: RECV Num processes: 1
SDM: [0] server event_callback ''
SDM: [0] sdm_aggregate_message: upstream message #13 from {0}
SDM: [0] sdm_aggregate_message: message is unsolicited
SDM: [0] Creating new request #13 expected replies {0}
SDM: [0] reply updated: src={0} replies outstanding: {}
SDM: [0] creating new reply #110ef73a for request 13
SDM: [0] request 13 completed for #110ef73a
SDM: [0] Enter aggregate_callback
SDM: [0] sdm_route_get_route dest {1}, parent 1
SDM: [0] sdm_message_send src {0} dest {1} route {1}
SDM: [0] Sending len 39
SDM: [0] Sending to 1
SDM: [0] About to send 43
Num processes: 1
SDM: [0] About to call send_complete
SDM: [0] Leaving sdm_message_send
SDM: [0] Leaving aggregate_callback
SDM: [0] Enter free_request
SDM: [0] Leaving free_request
MI: RECV PI is approximately 3.1415926535904264
SDM: [0] server event_callback ''
SDM: [0] sdm_aggregate_message: upstream message #13 from {0}
SDM: [0] sdm_aggregate_message: message is unsolicited
SDM: [0] Creating new request #13 expected replies {0}
SDM: [0] reply updated: src={0} replies outstanding: {}
SDM: [0] creating new reply #19f75300 for request 13
SDM: [0] request 13 completed for #19f75300
SDM: [0] Enter aggregate_callback
SDM: [0] sdm_route_get_route dest {1}, parent 1
SDM: [0] sdm_message_send src {0} dest {1} route {1}
SDM: [0] Sending len 61
SDM: [0] Sending to 1
SDM: [0] About to send 65
SDM: [0] About to call send_complete
SDM: [0] Leaving sdm_message_send
SDM: [0] Leaving aggregate_callback
SDM: [0] Enter free_request
SDM: [0] Leaving free_request
MI: RECV =thread-exited,id="1",group-id="i1"
=thread-group-exited,id="i1"
*stopped,reason="exited-normally"
(gdb) 
SDM: [0] server event_callback ''
SDM: [0] sdm_aggregate_message: upstream message #13 from {0}
SDM: [0] sdm_aggregate_message: message is unsolicited
SDM: [0] Creating new request #13 expected replies {0}
SDM: [0] reply updated: src={0} replies outstanding: {}
SDM: [0] creating new reply #ac0f544a for request 13
PI is approximately 3.1415926535904264
SDM: [0] request 13 completed for #ac0f544a
SDM: [0] Enter aggregate_callback
SDM: [0] sdm_route_get_route dest {1}, parent 1
SDM: [0] sdm_message_send src {0} dest {1} route {1}
SDM: [0] Sending len 26
SDM: [0] Sending to 1
SDM: [0] About to send 30
SDM: [0] About to call send_complete
SDM: [0] Leaving sdm_message_send
SDM: [0] Leaving aggregate_callback
SDM: [0] Enter free_request
SDM: [0] Leaving free_request
SDM: [0] receiving header
SDM: MESSAGE_LEN:14
SDM: [0] About to recv 14
SDM: [0] sdm_message_progress received len 14 from 1
SDM: [0] sdm_message_progress agg=0x0 src={1} dest={0}
SDM: [0] About to call recv_callback
SDM: [0] Enter recv_callback
SDM: [0] got downstream message src={1}, dest={0}
SDM: [0] Creating new request #18 expected replies {0}
SDM: [0] sdm_message_deliver 
SDM: [0] Enter deliver_callback
MI: SEND -gdb-exit
MI: RECV ^exit
MI: PROCESS COMMAND CALLBACK
SDM: [0] Leaving deliver_callback
SDM: [0] sdm_message_send removing me from dest
SDM: [0] sdm_route_get_route dest {}, parent 1
SDM: [0] sdm_message_send src {1} dest {} route {}
SDM: [0] About to call send_complete
SDM: [0] Leaving sdm_message_send
SDM: [0] Leaving recv_callback
SDM: [0] Finished recv_callback
SDM: [0] server event_callback ''
SDM: [0] sdm_aggregate_message: upstream message #18 from {0}
SDM: [0] reply updated: src={0} replies outstanding: {}
SDM: [0] creating new reply #78e9f836 for request 18
SDM: [0] request 18 completed for #78e9f836
SDM: [0] Enter aggregate_callback
SDM: [0] sdm_route_get_route dest {1}, parent 1
SDM: [0] sdm_message_send src {0} dest {1} route {1}
SDM: [0] Sending len 18
SDM: [0] Sending to 1
SDM: [0] About to send 22
SDM: [0] About to call send_complete
SDM: [0] Leaving sdm_message_send
SDM: [0] Leaving aggregate_callback
SDM: [0] Enter free_request
SDM: [0] Leaving free_request
SDM: all finished
