debug1: sshd version OpenSSH_5.3p1
debug1: read PEM private key done: type RSA
debug1: private host key: #0 type 1 RSA
debug1: read PEM private key done: type DSA
debug1: private host key: #1 type 2 DSA
debug1: rexec_argv[0]='/usr/sbin/sshd'
debug1: rexec_argv[1]='-d'
debug1: rexec_argv[2]='-p1025'
debug1: Bind to port 1025 on 0.0.0.0.
Server listening on 0.0.0.0 port 1025.
debug1: Bind to port 1025 on ::.
Server listening on :: port 1025.








^C
You have new mail in /var/spool/mail/root
[root@cluster ~]# /usr/sbin/sshd -p1025
[root@cluster ~]# /usr/sbin/sshd -d -p1025
debug1: sshd version OpenSSH_5.3p1
debug1: read PEM private key done: type RSA
debug1: private host key: #0 type 1 RSA
debug1: read PEM private key done: type DSA
debug1: private host key: #1 type 2 DSA
debug1: rexec_argv[0]='/usr/sbin/sshd'
debug1: rexec_argv[1]='-d'
debug1: rexec_argv[2]='-p1025'
debug1: Bind to port 1025 on 0.0.0.0.
Server listening on 0.0.0.0 port 1025.
debug1: Bind to port 1025 on ::.
Server listening on :: port 1025.





debug1: Server will not fork when running in debugging mode.
debug1: rexec start in 5 out 5 newsock 5 pipe -1 sock 8
debug1: inetd sockets after dupping: 3, 3
Connection from 192.168.0.125 port 58759
debug1: Client protocol version 2.0; client software version JSCH-0.1.46
debug1: no match: JSCH-0.1.46
debug1: Enabling compatibility mode for protocol 2.0
debug1: Local version string SSH-2.0-OpenSSH_5.3
debug1: permanently_set_uid: 74/74
debug1: list_hostkey_types: ssh-rsa,ssh-dss
debug1: SSH2_MSG_KEXINIT sent
debug1: SSH2_MSG_KEXINIT received
debug1: kex: client->server aes128-ctr hmac-md5 none
debug1: kex: server->client aes128-ctr hmac-md5 none
debug1: expecting SSH2_MSG_KEXDH_INIT
debug1: SSH2_MSG_NEWKEYS sent
debug1: expecting SSH2_MSG_NEWKEYS
debug1: SSH2_MSG_NEWKEYS received
debug1: KEX done
debug1: userauth-request for user root service ssh-connection method none
debug1: attempt 0 failures 0
debug1: PAM: initializing for "root"
debug1: userauth-request for user root service ssh-connection method publickey
debug1: attempt 1 failures 0
debug1: test whether pkalg/pkblob are acceptable
debug1: PAM: setting PAM_RHOST to "192.168.0.125"
debug1: PAM: setting PAM_TTY to "ssh"
debug1: temporarily_use_uid: 0/0 (e=0/0)
debug1: trying public key file /root/.ssh/authorized_keys
debug1: fd 4 clearing O_NONBLOCK
debug1: matching key found: file /root/.ssh/authorized_keys, line 2
Found matching RSA key: d4:13:ff:eb:0a:70:5e:65:85:cb:8e:4d:00:cd:65:35
debug1: restore_uid: 0/0
Postponed publickey for root from 192.168.0.125 port 58759 ssh2
debug1: userauth-request for user root service ssh-connection method publickey
debug1: attempt 2 failures 0
debug1: temporarily_use_uid: 0/0 (e=0/0)
debug1: trying public key file /root/.ssh/authorized_keys
debug1: fd 4 clearing O_NONBLOCK
debug1: matching key found: file /root/.ssh/authorized_keys, line 2
Found matching RSA key: d4:13:ff:eb:0a:70:5e:65:85:cb:8e:4d:00:cd:65:35
debug1: restore_uid: 0/0
debug1: ssh_rsa_verify: signature correct
debug1: do_pam_account: called
Accepted publickey for root from 192.168.0.125 port 58759 ssh2
debug1: monitor_child_preauth: root has been authenticated by privileged process
debug1: temporarily_use_uid: 0/0 (e=0/0)
debug1: ssh_gssapi_storecreds: Not a GSSAPI mechanism
debug1: restore_uid: 0/0
debug1: SELinux support disabled
debug1: PAM: establishing credentials
debug1: Entering interactive session for SSH2.
debug1: server_init_dispatch_20
debug1: server_input_channel_open: ctype session rchan 1 win 1048576 max 16384
debug1: input_session_request
debug1: channel 0: new [server-session]
debug1: session_new: session 0
debug1: session_open: channel 0
debug1: session_open: session 0: link with channel 0
debug1: server_input_channel_open: confirm session
debug1: server_input_channel_req: channel 0 request pty-req reply 0
debug1: session_by_channel: session 0 channel 0
debug1: session_input_channel_req: session 0 req pty-req
debug1: Allocating pty.
debug1: session_pty_req: session 0 alloc /dev/pts/3
debug1: server_input_channel_req: channel 0 request exec reply 0
debug1: session_by_channel: session 0 channel 0
debug1: session_input_channel_req: session 0 req exec
debug1: Setting controlling tty using TIOCSCTTY.
debug1: server_input_channel_open: ctype session rchan 2 win 2097152 max 32768
debug1: input_session_request
debug1: channel 1: new [server-session]
debug1: session_new: session 1
debug1: session_open: channel 1
debug1: session_open: session 1: link with channel 1
debug1: server_input_channel_open: confirm session
debug1: server_input_channel_req: channel 1 request subsystem reply 1
debug1: session_by_channel: session 1 channel 1
debug1: session_input_channel_req: session 1 req subsystem
subsystem request for sftp
debug1: subsystem: exec() /usr/libexec/openssh/sftp-server
debug1: server_input_channel_open: ctype session rchan 3 win 2097152 max 32768
debug1: input_session_request
debug1: channel 2: new [server-session]
debug1: session_new: session 2
debug1: session_open: channel 2
debug1: session_open: session 2: link with channel 2
debug1: server_input_channel_open: confirm session
debug1: server_input_channel_req: channel 2 request subsystem reply 1
debug1: session_by_channel: session 2 channel 2
debug1: session_input_channel_req: session 2 req subsystem
subsystem request for sftp
debug1: subsystem: exec() /usr/libexec/openssh/sftp-server
debug1: server_input_channel_open: ctype session rchan 4 win 2097152 max 32768
debug1: input_session_request
debug1: channel 3: new [server-session]
debug1: session_new: session 3
debug1: session_open: channel 3
debug1: session_open: session 3: link with channel 3
debug1: server_input_channel_open: confirm session
debug1: server_input_channel_req: channel 3 request subsystem reply 1
debug1: session_by_channel: session 3 channel 3
debug1: session_input_channel_req: session 3 req subsystem
subsystem request for sftp
debug1: subsystem: exec() /usr/libexec/openssh/sftp-server




















debug1: server_input_channel_open: ctype session rchan 5 win 1048576 max 16384
debug1: input_session_request
debug1: channel 4: new [server-session]
debug1: session_new: session 4
debug1: session_open: channel 4
debug1: session_open: session 4: link with channel 4
debug1: server_input_channel_open: confirm session
debug1: server_input_channel_req: channel 4 request exec reply 0
debug1: session_by_channel: session 4 channel 4
debug1: session_input_channel_req: session 4 req exec
debug1: Received SIGCHLD.
debug1: session_by_pid: pid 4929
debug1: session_exit_message: session 4 channel 4 pid 4929
debug1: session_exit_message: release channel 4
debug1: session_by_channel: session 4 channel 4
debug1: session_close_by_channel: channel 4 child 0
debug1: session_close: session 4 pid 0
debug1: channel 4: free: server-session, nchannels 5
debug1: server_input_global_request: rtype tcpip-forward want_reply 1
debug1: server_input_global_request: tcpip-forward listen localhost port 58887
debug1: Local forwarding listening on ::1 port 58887.
debug1: channel 4: new [port listener]
debug1: Local forwarding listening on 127.0.0.1 port 58887.
debug1: channel 5: new [port listener]
debug1: server_input_channel_open: ctype session rchan 6 win 1048576 max 16384
debug1: input_session_request
debug1: channel 6: new [server-session]
debug1: session_new: session 4
debug1: session_open: channel 6
debug1: session_open: session 4: link with channel 6
debug1: server_input_channel_open: confirm session
debug1: server_input_channel_req: channel 6 request exec reply 0
debug1: session_by_channel: session 4 channel 6
debug1: session_input_channel_req: session 4 req exec
debug1: Received SIGCHLD.
debug1: session_by_pid: pid 5080
debug1: session_exit_message: session 4 channel 6 pid 5080
debug1: session_exit_message: release channel 6
debug1: session_by_channel: session 4 channel 6
debug1: session_close_by_channel: channel 6 child 0
debug1: session_close: session 4 pid 0
debug1: channel 6: free: server-session, nchannels 7
debug1: server_input_channel_open: ctype session rchan 7 win 1048576 max 16384
debug1: input_session_request
debug1: channel 6: new [server-session]
debug1: session_new: session 4
debug1: session_open: channel 6
debug1: session_open: session 4: link with channel 6
debug1: server_input_channel_open: confirm session
debug1: server_input_channel_req: channel 6 request exec reply 0
debug1: session_by_channel: session 4 channel 6
debug1: session_input_channel_req: session 4 req exec
debug1: Received SIGCHLD.
debug1: session_by_pid: pid 5225
debug1: session_exit_message: session 4 channel 6 pid 5225
debug1: session_exit_message: release channel 6
debug1: session_by_channel: session 4 channel 6
debug1: session_close_by_channel: channel 6 child 0
debug1: session_close: session 4 pid 0
debug1: channel 6: free: server-session, nchannels 7
debug1: server_input_channel_open: ctype session rchan 8 win 1048576 max 16384
debug1: input_session_request
debug1: channel 6: new [server-session]
debug1: session_new: session 4
debug1: session_open: channel 6
debug1: session_open: session 4: link with channel 6
debug1: server_input_channel_open: confirm session
debug1: server_input_channel_req: channel 6 request exec reply 0
debug1: session_by_channel: session 4 channel 6
debug1: session_input_channel_req: session 4 req exec
debug1: Received SIGCHLD.
debug1: session_by_pid: pid 5371
debug1: session_exit_message: session 4 channel 6 pid 5371
debug1: session_exit_message: release channel 6
debug1: session_by_channel: session 4 channel 6
debug1: session_close_by_channel: channel 6 child 0
debug1: session_close: session 4 pid 0
debug1: channel 6: free: server-session, nchannels 7
debug1: server_input_channel_open: ctype session rchan 9 win 1048576 max 16384
debug1: input_session_request
debug1: channel 6: new [server-session]
debug1: session_new: session 4
debug1: session_open: channel 6
debug1: session_open: session 4: link with channel 6
debug1: server_input_channel_open: confirm session
debug1: server_input_channel_req: channel 6 request exec reply 0
debug1: session_by_channel: session 4 channel 6
debug1: session_input_channel_req: session 4 req exec
debug1: Received SIGCHLD.
debug1: session_by_pid: pid 5517
debug1: session_exit_message: session 4 channel 6 pid 5517
debug1: session_exit_message: release channel 6
debug1: session_by_channel: session 4 channel 6
debug1: session_close_by_channel: channel 6 child 0
debug1: session_close: session 4 pid 0
debug1: channel 6: free: server-session, nchannels 7
debug1: server_input_channel_open: ctype session rchan 10 win 1048576 max 16384
debug1: input_session_request
debug1: channel 6: new [server-session]
debug1: session_new: session 4
debug1: session_open: channel 6
debug1: session_open: session 4: link with channel 6
debug1: server_input_channel_open: confirm session
debug1: server_input_channel_req: channel 6 request exec reply 0
debug1: session_by_channel: session 4 channel 6
debug1: session_input_channel_req: session 4 req exec
debug1: Received SIGCHLD.
debug1: session_by_pid: pid 5663
debug1: session_exit_message: session 4 channel 6 pid 5663
debug1: session_exit_message: release channel 6
debug1: session_by_channel: session 4 channel 6
debug1: session_close_by_channel: channel 6 child 0
debug1: session_close: session 4 pid 0
debug1: channel 6: free: server-session, nchannels 7
debug1: server_input_channel_open: ctype session rchan 11 win 1048576 max 16384
debug1: input_session_request
debug1: channel 6: new [server-session]
debug1: session_new: session 4
debug1: session_open: channel 6
debug1: session_open: session 4: link with channel 6
debug1: server_input_channel_open: confirm session
debug1: server_input_channel_req: channel 6 request exec reply 0
debug1: session_by_channel: session 4 channel 6
debug1: session_input_channel_req: session 4 req exec
debug1: Received SIGCHLD.
debug1: session_by_pid: pid 5808
debug1: session_exit_message: session 4 channel 6 pid 5808
debug1: session_exit_message: release channel 6
debug1: session_by_channel: session 4 channel 6
debug1: session_close_by_channel: channel 6 child 0
debug1: session_close: session 4 pid 0
debug1: channel 6: free: server-session, nchannels 7
debug1: server_input_channel_open: ctype session rchan 12 win 1048576 max 16384
debug1: input_session_request
debug1: channel 6: new [server-session]
debug1: session_new: session 4
debug1: session_open: channel 6
debug1: session_open: session 4: link with channel 6
debug1: server_input_channel_open: confirm session
debug1: server_input_channel_req: channel 6 request exec reply 0
debug1: session_by_channel: session 4 channel 6
debug1: session_input_channel_req: session 4 req exec
debug1: Received SIGCHLD.
debug1: session_by_pid: pid 5954
debug1: session_exit_message: session 4 channel 6 pid 5954
debug1: session_exit_message: release channel 6
debug1: session_by_channel: session 4 channel 6
debug1: session_close_by_channel: channel 6 child 0
debug1: session_close: session 4 pid 0
debug1: channel 6: free: server-session, nchannels 7
debug1: server_input_channel_open: ctype session rchan 13 win 1048576 max 16384
debug1: input_session_request
debug1: channel 6: new [server-session]
debug1: session_new: session 4
debug1: session_open: channel 6
debug1: session_open: session 4: link with channel 6
debug1: server_input_channel_open: confirm session
debug1: server_input_channel_req: channel 6 request exec reply 0
debug1: session_by_channel: session 4 channel 6
debug1: session_input_channel_req: session 4 req exec
debug1: server_input_channel_open: ctype session rchan 14 win 1048576 max 16384
debug1: input_session_request
debug1: channel 7: new [server-session]
debug1: session_new: session 5
debug1: session_open: channel 7
debug1: session_open: session 5: link with channel 7
debug1: server_input_channel_open: confirm session
debug1: server_input_channel_req: channel 7 request exec reply 0
debug1: session_by_channel: session 5 channel 7
debug1: session_input_channel_req: session 5 req exec
debug1: Connection to port 58887 forwarding to localhost port 0 requested.
debug1: channel 8: new [forwarded-tcpip]























debug1: channel 8: free: forwarded-tcpip: listening port 58887 for localhost port 0, connect from 127.0.0.1 port 39284, nchannels 9
debug1: server_input_global_request: rtype cancel-tcpip-forward want_reply 0
debug1: server_input_global_request: cancel-tcpip-forward addr localhost port 58887
debug1: channel 4: free: port listener, nchannels 8
debug1: channel 5: free: port listener, nchannels 7
debug1: Received SIGCHLD.
debug1: session_by_pid: pid 6101
debug1: session_exit_message: session 5 channel 7 pid 6101
debug1: session_exit_message: release channel 7
debug1: session_by_channel: session 5 channel 7
debug1: session_close_by_channel: channel 7 child 0
debug1: session_close: session 5 pid 0
debug1: channel 7: free: server-session, nchannels 6
debug1: Received SIGCHLD.
debug1: session_by_pid: pid 6100
debug1: session_exit_message: session 4 channel 6 pid 6100
debug1: session_exit_message: release channel 6
debug1: session_by_channel: session 4 channel 6
debug1: session_close_by_channel: channel 6 child 0
debug1: session_close: session 4 pid 0
debug1: channel 6: free: server-session, nchannels 5












Read error from remote host 192.168.0.125: Connection timed out
debug1: do_cleanup
debug1: PAM: cleanup
debug1: PAM: closing session
debug1: PAM: deleting credentials
debug1: session_pty_cleanup: session 0 release /dev/pts/3
You have new mail in /var/spool/mail/root







